[0.371s] DEBUG:colcon:Command line arguments: ['/usr/bin/colcon', 'build']
[0.371s] DEBUG:colcon:Parsed command line arguments: Namespace(log_base=None, log_level=None, verb_name='build', build_base='build', install_base='install', merge_install=False, symlink_install=False, test_result_base=None, continue_on_error=False, executor='parallel', parallel_workers=2, event_handlers=None, ignore_user_meta=False, metas=['./colcon.meta'], base_paths=['.'], packages_ignore=None, packages_ignore_regex=None, paths=None, packages_up_to=None, packages_up_to_regex=None, packages_above=None, packages_above_and_dependencies=None, packages_above_depth=None, packages_select_by_dep=None, packages_skip_by_dep=None, packages_skip_up_to=None, packages_select_build_failed=False, packages_skip_build_finished=False, packages_select_test_failures=False, packages_skip_test_passed=False, packages_select=None, packages_skip=None, packages_select_regex=None, packages_skip_regex=None, packages_start=None, packages_end=None, allow_overriding=[], cmake_args=None, cmake_target=None, cmake_target_skip_unavailable=False, cmake_clean_cache=False, cmake_clean_first=False, cmake_force_configure=False, ament_cmake_args=None, catkin_cmake_args=None, catkin_skip_building_tests=False, verb_parser=<colcon_defaults.argument_parser.defaults.DefaultArgumentsDecorator object at 0x770b330079a0>, verb_extension=<colcon_core.verb.build.BuildVerb object at 0x770b33007550>, main=<bound method BuildVerb.main of <colcon_core.verb.build.BuildVerb object at 0x770b33007550>>)
[0.976s] Level 1:colcon.colcon_core.package_discovery:discover_packages(colcon_meta) check parameters
[0.977s] Level 1:colcon.colcon_core.package_discovery:discover_packages(recursive) check parameters
[0.977s] Level 1:colcon.colcon_core.package_discovery:discover_packages(ignore) check parameters
[0.977s] Level 1:colcon.colcon_core.package_discovery:discover_packages(path) check parameters
[0.977s] Level 1:colcon.colcon_core.package_discovery:discover_packages(colcon_meta) discover
[0.977s] Level 1:colcon.colcon_core.package_discovery:discover_packages(recursive) discover
[0.977s] INFO:colcon.colcon_core.package_discovery:Crawling recursively for packages in '/home/ubuntu/ROS_BAP/WORKSPACES_PERSO/ros2_ws_stage/DuckSimROS2'
[0.978s] Level 1:colcon.colcon_core.package_identification:_identify(.) by extensions ['ignore', 'ignore_ament_install']
[0.978s] Level 1:colcon.colcon_core.package_identification:_identify(.) by extension 'ignore'
[0.978s] Level 1:colcon.colcon_core.package_identification:_identify(.) by extension 'ignore_ament_install'
[0.979s] Level 1:colcon.colcon_core.package_identification:_identify(.) by extensions ['colcon_pkg']
[0.979s] Level 1:colcon.colcon_core.package_identification:_identify(.) by extension 'colcon_pkg'
[0.979s] Level 1:colcon.colcon_core.package_identification:_identify(.) by extensions ['colcon_meta']
[0.979s] Level 1:colcon.colcon_core.package_identification:_identify(.) by extension 'colcon_meta'
[0.979s] Level 1:colcon.colcon_core.package_identification:_identify(.) by extensions ['ros']
[0.979s] Level 1:colcon.colcon_core.package_identification:_identify(.) by extension 'ros'
[1.026s] Level 1:colcon.colcon_core.package_identification:_identify(.) by extensions ['cmake', 'python']
[1.026s] Level 1:colcon.colcon_core.package_identification:_identify(.) by extension 'cmake'
[1.027s] Level 1:colcon.colcon_core.package_identification:_identify(.) by extension 'python'
[1.027s] Level 1:colcon.colcon_core.package_identification:_identify(.) by extensions ['python_setup_py']
[1.027s] Level 1:colcon.colcon_core.package_identification:_identify(.) by extension 'python_setup_py'
[1.027s] Level 1:colcon.colcon_core.package_identification:_identify(build) by extensions ['ignore', 'ignore_ament_install']
[1.028s] Level 1:colcon.colcon_core.package_identification:_identify(build) by extension 'ignore'
[1.028s] Level 1:colcon.colcon_core.package_identification:_identify(build) ignored
[1.028s] Level 1:colcon.colcon_core.package_identification:_identify(install) by extensions ['ignore', 'ignore_ament_install']
[1.028s] Level 1:colcon.colcon_core.package_identification:_identify(install) by extension 'ignore'
[1.029s] Level 1:colcon.colcon_core.package_identification:_identify(install) ignored
[1.029s] Level 1:colcon.colcon_core.package_identification:_identify(log) by extensions ['ignore', 'ignore_ament_install']
[1.029s] Level 1:colcon.colcon_core.package_identification:_identify(log) by extension 'ignore'
[1.029s] Level 1:colcon.colcon_core.package_identification:_identify(log) ignored
[1.030s] Level 1:colcon.colcon_core.package_identification:_identify(src) by extensions ['ignore', 'ignore_ament_install']
[1.030s] Level 1:colcon.colcon_core.package_identification:_identify(src) by extension 'ignore'
[1.030s] Level 1:colcon.colcon_core.package_identification:_identify(src) by extension 'ignore_ament_install'
[1.030s] Level 1:colcon.colcon_core.package_identification:_identify(src) by extensions ['colcon_pkg']
[1.030s] Level 1:colcon.colcon_core.package_identification:_identify(src) by extension 'colcon_pkg'
[1.030s] Level 1:colcon.colcon_core.package_identification:_identify(src) by extensions ['colcon_meta']
[1.030s] Level 1:colcon.colcon_core.package_identification:_identify(src) by extension 'colcon_meta'
[1.031s] Level 1:colcon.colcon_core.package_identification:_identify(src) by extensions ['ros']
[1.031s] Level 1:colcon.colcon_core.package_identification:_identify(src) by extension 'ros'
[1.031s] Level 1:colcon.colcon_core.package_identification:_identify(src) by extensions ['cmake', 'python']
[1.031s] Level 1:colcon.colcon_core.package_identification:_identify(src) by extension 'cmake'
[1.031s] Level 1:colcon.colcon_core.package_identification:_identify(src) by extension 'python'
[1.031s] Level 1:colcon.colcon_core.package_identification:_identify(src) by extensions ['python_setup_py']
[1.031s] Level 1:colcon.colcon_core.package_identification:_identify(src) by extension 'python_setup_py'
[1.032s] Level 1:colcon.colcon_core.package_identification:_identify(src/biped_descriptions) by extensions ['ignore', 'ignore_ament_install']
[1.032s] Level 1:colcon.colcon_core.package_identification:_identify(src/biped_descriptions) by extension 'ignore'
[1.032s] Level 1:colcon.colcon_core.package_identification:_identify(src/biped_descriptions) by extension 'ignore_ament_install'
[1.032s] Level 1:colcon.colcon_core.package_identification:_identify(src/biped_descriptions) by extensions ['colcon_pkg']
[1.032s] Level 1:colcon.colcon_core.package_identification:_identify(src/biped_descriptions) by extension 'colcon_pkg'
[1.033s] Level 1:colcon.colcon_core.package_identification:_identify(src/biped_descriptions) by extensions ['colcon_meta']
[1.033s] Level 1:colcon.colcon_core.package_identification:_identify(src/biped_descriptions) by extension 'colcon_meta'
[1.033s] Level 1:colcon.colcon_core.package_identification:_identify(src/biped_descriptions) by extensions ['ros']
[1.033s] Level 1:colcon.colcon_core.package_identification:_identify(src/biped_descriptions) by extension 'ros'
[1.044s] DEBUG:colcon.colcon_core.package_identification:Package 'src/biped_descriptions' with type 'ros.ament_cmake' and name 'biped_descriptions'
[1.045s] Level 1:colcon.colcon_core.package_identification:_identify(src/biped_gazebo_worlds) by extensions ['ignore', 'ignore_ament_install']
[1.045s] Level 1:colcon.colcon_core.package_identification:_identify(src/biped_gazebo_worlds) by extension 'ignore'
[1.045s] Level 1:colcon.colcon_core.package_identification:_identify(src/biped_gazebo_worlds) by extension 'ignore_ament_install'
[1.045s] Level 1:colcon.colcon_core.package_identification:_identify(src/biped_gazebo_worlds) by extensions ['colcon_pkg']
[1.046s] Level 1:colcon.colcon_core.package_identification:_identify(src/biped_gazebo_worlds) by extension 'colcon_pkg'
[1.046s] Level 1:colcon.colcon_core.package_identification:_identify(src/biped_gazebo_worlds) by extensions ['colcon_meta']
[1.046s] Level 1:colcon.colcon_core.package_identification:_identify(src/biped_gazebo_worlds) by extension 'colcon_meta'
[1.046s] Level 1:colcon.colcon_core.package_identification:_identify(src/biped_gazebo_worlds) by extensions ['ros']
[1.046s] Level 1:colcon.colcon_core.package_identification:_identify(src/biped_gazebo_worlds) by extension 'ros'
[1.047s] DEBUG:colcon.colcon_core.package_identification:Package 'src/biped_gazebo_worlds' with type 'ros.ament_cmake' and name 'biped_gazebo_worlds'
[1.048s] Level 1:colcon.colcon_core.package_identification:_identify(src/iqr_pan_tilt_controller_ros2) by extensions ['ignore', 'ignore_ament_install']
[1.048s] Level 1:colcon.colcon_core.package_identification:_identify(src/iqr_pan_tilt_controller_ros2) by extension 'ignore'
[1.048s] Level 1:colcon.colcon_core.package_identification:_identify(src/iqr_pan_tilt_controller_ros2) by extension 'ignore_ament_install'
[1.048s] Level 1:colcon.colcon_core.package_identification:_identify(src/iqr_pan_tilt_controller_ros2) by extensions ['colcon_pkg']
[1.048s] Level 1:colcon.colcon_core.package_identification:_identify(src/iqr_pan_tilt_controller_ros2) by extension 'colcon_pkg'
[1.049s] Level 1:colcon.colcon_core.package_identification:_identify(src/iqr_pan_tilt_controller_ros2) by extensions ['colcon_meta']
[1.049s] Level 1:colcon.colcon_core.package_identification:_identify(src/iqr_pan_tilt_controller_ros2) by extension 'colcon_meta'
[1.049s] Level 1:colcon.colcon_core.package_identification:_identify(src/iqr_pan_tilt_controller_ros2) by extensions ['ros']
[1.049s] Level 1:colcon.colcon_core.package_identification:_identify(src/iqr_pan_tilt_controller_ros2) by extension 'ros'
[1.049s] Level 1:colcon.colcon_core.package_identification:_identify(src/iqr_pan_tilt_controller_ros2) by extensions ['cmake', 'python']
[1.049s] Level 1:colcon.colcon_core.package_identification:_identify(src/iqr_pan_tilt_controller_ros2) by extension 'cmake'
[1.050s] Level 1:colcon.colcon_core.package_identification:_identify(src/iqr_pan_tilt_controller_ros2) by extension 'python'
[1.050s] Level 1:colcon.colcon_core.package_identification:_identify(src/iqr_pan_tilt_controller_ros2) by extensions ['python_setup_py']
[1.050s] Level 1:colcon.colcon_core.package_identification:_identify(src/iqr_pan_tilt_controller_ros2) by extension 'python_setup_py'
[1.050s] Level 1:colcon.colcon_core.package_identification:_identify(src/iqr_pan_tilt_controller_ros2/pan_tilt_bringup) by extensions ['ignore', 'ignore_ament_install']
[1.050s] Level 1:colcon.colcon_core.package_identification:_identify(src/iqr_pan_tilt_controller_ros2/pan_tilt_bringup) by extension 'ignore'
[1.051s] Level 1:colcon.colcon_core.package_identification:_identify(src/iqr_pan_tilt_controller_ros2/pan_tilt_bringup) by extension 'ignore_ament_install'
[1.051s] Level 1:colcon.colcon_core.package_identification:_identify(src/iqr_pan_tilt_controller_ros2/pan_tilt_bringup) by extensions ['colcon_pkg']
[1.051s] Level 1:colcon.colcon_core.package_identification:_identify(src/iqr_pan_tilt_controller_ros2/pan_tilt_bringup) by extension 'colcon_pkg'
[1.051s] Level 1:colcon.colcon_core.package_identification:_identify(src/iqr_pan_tilt_controller_ros2/pan_tilt_bringup) by extensions ['colcon_meta']
[1.051s] Level 1:colcon.colcon_core.package_identification:_identify(src/iqr_pan_tilt_controller_ros2/pan_tilt_bringup) by extension 'colcon_meta'
[1.052s] Level 1:colcon.colcon_core.package_identification:_identify(src/iqr_pan_tilt_controller_ros2/pan_tilt_bringup) by extensions ['ros']
[1.052s] Level 1:colcon.colcon_core.package_identification:_identify(src/iqr_pan_tilt_controller_ros2/pan_tilt_bringup) by extension 'ros'
[1.053s] DEBUG:colcon.colcon_core.package_identification:Package 'src/iqr_pan_tilt_controller_ros2/pan_tilt_bringup' with type 'ros.ament_cmake' and name 'pan_tilt_bringup'
[1.053s] Level 1:colcon.colcon_core.package_identification:_identify(src/iqr_pan_tilt_controller_ros2/pan_tilt_controller) by extensions ['ignore', 'ignore_ament_install']
[1.054s] Level 1:colcon.colcon_core.package_identification:_identify(src/iqr_pan_tilt_controller_ros2/pan_tilt_controller) by extension 'ignore'
[1.054s] Level 1:colcon.colcon_core.package_identification:_identify(src/iqr_pan_tilt_controller_ros2/pan_tilt_controller) by extension 'ignore_ament_install'
[1.054s] Level 1:colcon.colcon_core.package_identification:_identify(src/iqr_pan_tilt_controller_ros2/pan_tilt_controller) by extensions ['colcon_pkg']
[1.054s] Level 1:colcon.colcon_core.package_identification:_identify(src/iqr_pan_tilt_controller_ros2/pan_tilt_controller) by extension 'colcon_pkg'
[1.054s] Level 1:colcon.colcon_core.package_identification:_identify(src/iqr_pan_tilt_controller_ros2/pan_tilt_controller) by extensions ['colcon_meta']
[1.054s] Level 1:colcon.colcon_core.package_identification:_identify(src/iqr_pan_tilt_controller_ros2/pan_tilt_controller) by extension 'colcon_meta'
[1.054s] Level 1:colcon.colcon_core.package_identification:_identify(src/iqr_pan_tilt_controller_ros2/pan_tilt_controller) by extensions ['ros']
[1.054s] Level 1:colcon.colcon_core.package_identification:_identify(src/iqr_pan_tilt_controller_ros2/pan_tilt_controller) by extension 'ros'
[1.056s] DEBUG:colcon.colcon_core.package_identification:Package 'src/iqr_pan_tilt_controller_ros2/pan_tilt_controller' with type 'ros.ament_python' and name 'pan_tilt_controller'
[1.056s] Level 1:colcon.colcon_core.package_identification:_identify(src/iqr_pan_tilt_controller_ros2/pan_tilt_description) by extensions ['ignore', 'ignore_ament_install']
[1.056s] Level 1:colcon.colcon_core.package_identification:_identify(src/iqr_pan_tilt_controller_ros2/pan_tilt_description) by extension 'ignore'
[1.056s] Level 1:colcon.colcon_core.package_identification:_identify(src/iqr_pan_tilt_controller_ros2/pan_tilt_description) by extension 'ignore_ament_install'
[1.056s] Level 1:colcon.colcon_core.package_identification:_identify(src/iqr_pan_tilt_controller_ros2/pan_tilt_description) by extensions ['colcon_pkg']
[1.056s] Level 1:colcon.colcon_core.package_identification:_identify(src/iqr_pan_tilt_controller_ros2/pan_tilt_description) by extension 'colcon_pkg'
[1.056s] Level 1:colcon.colcon_core.package_identification:_identify(src/iqr_pan_tilt_controller_ros2/pan_tilt_description) by extensions ['colcon_meta']
[1.056s] Level 1:colcon.colcon_core.package_identification:_identify(src/iqr_pan_tilt_controller_ros2/pan_tilt_description) by extension 'colcon_meta'
[1.056s] Level 1:colcon.colcon_core.package_identification:_identify(src/iqr_pan_tilt_controller_ros2/pan_tilt_description) by extensions ['ros']
[1.057s] Level 1:colcon.colcon_core.package_identification:_identify(src/iqr_pan_tilt_controller_ros2/pan_tilt_description) by extension 'ros'
[1.058s] DEBUG:colcon.colcon_core.package_identification:Package 'src/iqr_pan_tilt_controller_ros2/pan_tilt_description' with type 'ros.ament_cmake' and name 'pan_tilt_description'
[1.058s] Level 1:colcon.colcon_core.package_identification:_identify(src/iqr_pan_tilt_controller_ros2/pan_tilt_driver) by extensions ['ignore', 'ignore_ament_install']
[1.059s] Level 1:colcon.colcon_core.package_identification:_identify(src/iqr_pan_tilt_controller_ros2/pan_tilt_driver) by extension 'ignore'
[1.059s] Level 1:colcon.colcon_core.package_identification:_identify(src/iqr_pan_tilt_controller_ros2/pan_tilt_driver) by extension 'ignore_ament_install'
[1.059s] Level 1:colcon.colcon_core.package_identification:_identify(src/iqr_pan_tilt_controller_ros2/pan_tilt_driver) by extensions ['colcon_pkg']
[1.059s] Level 1:colcon.colcon_core.package_identification:_identify(src/iqr_pan_tilt_controller_ros2/pan_tilt_driver) by extension 'colcon_pkg'
[1.059s] Level 1:colcon.colcon_core.package_identification:_identify(src/iqr_pan_tilt_controller_ros2/pan_tilt_driver) by extensions ['colcon_meta']
[1.059s] Level 1:colcon.colcon_core.package_identification:_identify(src/iqr_pan_tilt_controller_ros2/pan_tilt_driver) by extension 'colcon_meta'
[1.060s] Level 1:colcon.colcon_core.package_identification:_identify(src/iqr_pan_tilt_controller_ros2/pan_tilt_driver) by extensions ['ros']
[1.060s] Level 1:colcon.colcon_core.package_identification:_identify(src/iqr_pan_tilt_controller_ros2/pan_tilt_driver) by extension 'ros'
[1.062s] DEBUG:colcon.colcon_core.package_identification:Package 'src/iqr_pan_tilt_controller_ros2/pan_tilt_driver' with type 'ros.ament_cmake' and name 'pan_tilt_driver'
[1.062s] Level 1:colcon.colcon_core.package_identification:_identify(src/iqr_pan_tilt_controller_ros2/pan_tilt_msgs) by extensions ['ignore', 'ignore_ament_install']
[1.062s] Level 1:colcon.colcon_core.package_identification:_identify(src/iqr_pan_tilt_controller_ros2/pan_tilt_msgs) by extension 'ignore'
[1.062s] Level 1:colcon.colcon_core.package_identification:_identify(src/iqr_pan_tilt_controller_ros2/pan_tilt_msgs) by extension 'ignore_ament_install'
[1.062s] Level 1:colcon.colcon_core.package_identification:_identify(src/iqr_pan_tilt_controller_ros2/pan_tilt_msgs) by extensions ['colcon_pkg']
[1.062s] Level 1:colcon.colcon_core.package_identification:_identify(src/iqr_pan_tilt_controller_ros2/pan_tilt_msgs) by extension 'colcon_pkg'
[1.062s] Level 1:colcon.colcon_core.package_identification:_identify(src/iqr_pan_tilt_controller_ros2/pan_tilt_msgs) by extensions ['colcon_meta']
[1.062s] Level 1:colcon.colcon_core.package_identification:_identify(src/iqr_pan_tilt_controller_ros2/pan_tilt_msgs) by extension 'colcon_meta'
[1.063s] Level 1:colcon.colcon_core.package_identification:_identify(src/iqr_pan_tilt_controller_ros2/pan_tilt_msgs) by extensions ['ros']
[1.063s] Level 1:colcon.colcon_core.package_identification:_identify(src/iqr_pan_tilt_controller_ros2/pan_tilt_msgs) by extension 'ros'
[1.064s] DEBUG:colcon.colcon_core.package_identification:Package 'src/iqr_pan_tilt_controller_ros2/pan_tilt_msgs' with type 'ros.ament_cmake' and name 'pan_tilt_msgs'
[1.064s] Level 1:colcon.colcon_core.package_discovery:discover_packages(recursive) using defaults
[1.064s] Level 1:colcon.colcon_core.package_discovery:discover_packages(ignore) discover
[1.065s] Level 1:colcon.colcon_core.package_discovery:discover_packages(ignore) using defaults
[1.065s] Level 1:colcon.colcon_core.package_discovery:discover_packages(path) discover
[1.065s] Level 1:colcon.colcon_core.package_discovery:discover_packages(path) using defaults
[1.138s] Level 1:colcon.colcon_core.package_discovery:discover_packages(prefix_path) check parameters
[1.138s] Level 1:colcon.colcon_core.package_discovery:discover_packages(prefix_path) discover
[1.146s] DEBUG:colcon.colcon_installed_package_information.package_discovery:Found 299 installed packages in /opt/ros/humble
[1.181s] Level 1:colcon.colcon_core.package_discovery:discover_packages(prefix_path) using defaults
[1.330s] Level 5:colcon.colcon_core.verb:set package 'biped_descriptions' build argument 'cmake_args' from command line to 'None'
[1.330s] Level 5:colcon.colcon_core.verb:set package 'biped_descriptions' build argument 'cmake_target' from command line to 'None'
[1.331s] Level 5:colcon.colcon_core.verb:set package 'biped_descriptions' build argument 'cmake_target_skip_unavailable' from command line to 'False'
[1.331s] Level 5:colcon.colcon_core.verb:set package 'biped_descriptions' build argument 'cmake_clean_cache' from command line to 'False'
[1.331s] Level 5:colcon.colcon_core.verb:set package 'biped_descriptions' build argument 'cmake_clean_first' from command line to 'False'
[1.331s] Level 5:colcon.colcon_core.verb:set package 'biped_descriptions' build argument 'cmake_force_configure' from command line to 'False'
[1.331s] Level 5:colcon.colcon_core.verb:set package 'biped_descriptions' build argument 'ament_cmake_args' from command line to 'None'
[1.331s] Level 5:colcon.colcon_core.verb:set package 'biped_descriptions' build argument 'catkin_cmake_args' from command line to 'None'
[1.331s] Level 5:colcon.colcon_core.verb:set package 'biped_descriptions' build argument 'catkin_skip_building_tests' from command line to 'False'
[1.331s] DEBUG:colcon.colcon_core.verb:Building package 'biped_descriptions' with the following arguments: {'ament_cmake_args': None, 'build_base': '/home/ubuntu/ROS_BAP/WORKSPACES_PERSO/ros2_ws_stage/DuckSimROS2/build/biped_descriptions', 'catkin_cmake_args': None, 'catkin_skip_building_tests': False, 'cmake_args': None, 'cmake_clean_cache': False, 'cmake_clean_first': False, 'cmake_force_configure': False, 'cmake_target': None, 'cmake_target_skip_unavailable': False, 'install_base': '/home/ubuntu/ROS_BAP/WORKSPACES_PERSO/ros2_ws_stage/DuckSimROS2/install/biped_descriptions', 'merge_install': False, 'path': '/home/ubuntu/ROS_BAP/WORKSPACES_PERSO/ros2_ws_stage/DuckSimROS2/src/biped_descriptions', 'symlink_install': False, 'test_result_base': None}
[1.333s] Level 5:colcon.colcon_core.verb:set package 'biped_gazebo_worlds' build argument 'cmake_args' from command line to 'None'
[1.333s] Level 5:colcon.colcon_core.verb:set package 'biped_gazebo_worlds' build argument 'cmake_target' from command line to 'None'
[1.333s] Level 5:colcon.colcon_core.verb:set package 'biped_gazebo_worlds' build argument 'cmake_target_skip_unavailable' from command line to 'False'
[1.333s] Level 5:colcon.colcon_core.verb:set package 'biped_gazebo_worlds' build argument 'cmake_clean_cache' from command line to 'False'
[1.333s] Level 5:colcon.colcon_core.verb:set package 'biped_gazebo_worlds' build argument 'cmake_clean_first' from command line to 'False'
[1.333s] Level 5:colcon.colcon_core.verb:set package 'biped_gazebo_worlds' build argument 'cmake_force_configure' from command line to 'False'
[1.333s] Level 5:colcon.colcon_core.verb:set package 'biped_gazebo_worlds' build argument 'ament_cmake_args' from command line to 'None'
[1.333s] Level 5:colcon.colcon_core.verb:set package 'biped_gazebo_worlds' build argument 'catkin_cmake_args' from command line to 'None'
[1.333s] Level 5:colcon.colcon_core.verb:set package 'biped_gazebo_worlds' build argument 'catkin_skip_building_tests' from command line to 'False'
[1.334s] DEBUG:colcon.colcon_core.verb:Building package 'biped_gazebo_worlds' with the following arguments: {'ament_cmake_args': None, 'build_base': '/home/ubuntu/ROS_BAP/WORKSPACES_PERSO/ros2_ws_stage/DuckSimROS2/build/biped_gazebo_worlds', 'catkin_cmake_args': None, 'catkin_skip_building_tests': False, 'cmake_args': None, 'cmake_clean_cache': False, 'cmake_clean_first': False, 'cmake_force_configure': False, 'cmake_target': None, 'cmake_target_skip_unavailable': False, 'install_base': '/home/ubuntu/ROS_BAP/WORKSPACES_PERSO/ros2_ws_stage/DuckSimROS2/install/biped_gazebo_worlds', 'merge_install': False, 'path': '/home/ubuntu/ROS_BAP/WORKSPACES_PERSO/ros2_ws_stage/DuckSimROS2/src/biped_gazebo_worlds', 'symlink_install': False, 'test_result_base': None}
[1.335s] Level 5:colcon.colcon_core.verb:set package 'pan_tilt_bringup' build argument 'cmake_args' from command line to 'None'
[1.335s] Level 5:colcon.colcon_core.verb:set package 'pan_tilt_bringup' build argument 'cmake_target' from command line to 'None'
[1.335s] Level 5:colcon.colcon_core.verb:set package 'pan_tilt_bringup' build argument 'cmake_target_skip_unavailable' from command line to 'False'
[1.335s] Level 5:colcon.colcon_core.verb:set package 'pan_tilt_bringup' build argument 'cmake_clean_cache' from command line to 'False'
[1.335s] Level 5:colcon.colcon_core.verb:set package 'pan_tilt_bringup' build argument 'cmake_clean_first' from command line to 'False'
[1.335s] Level 5:colcon.colcon_core.verb:set package 'pan_tilt_bringup' build argument 'cmake_force_configure' from command line to 'False'
[1.335s] Level 5:colcon.colcon_core.verb:set package 'pan_tilt_bringup' build argument 'ament_cmake_args' from command line to 'None'
[1.335s] Level 5:colcon.colcon_core.verb:set package 'pan_tilt_bringup' build argument 'catkin_cmake_args' from command line to 'None'
[1.335s] Level 5:colcon.colcon_core.verb:set package 'pan_tilt_bringup' build argument 'catkin_skip_building_tests' from command line to 'False'
[1.335s] DEBUG:colcon.colcon_core.verb:Building package 'pan_tilt_bringup' with the following arguments: {'ament_cmake_args': None, 'build_base': '/home/ubuntu/ROS_BAP/WORKSPACES_PERSO/ros2_ws_stage/DuckSimROS2/build/pan_tilt_bringup', 'catkin_cmake_args': None, 'catkin_skip_building_tests': False, 'cmake_args': None, 'cmake_clean_cache': False, 'cmake_clean_first': False, 'cmake_force_configure': False, 'cmake_target': None, 'cmake_target_skip_unavailable': False, 'install_base': '/home/ubuntu/ROS_BAP/WORKSPACES_PERSO/ros2_ws_stage/DuckSimROS2/install/pan_tilt_bringup', 'merge_install': False, 'path': '/home/ubuntu/ROS_BAP/WORKSPACES_PERSO/ros2_ws_stage/DuckSimROS2/src/iqr_pan_tilt_controller_ros2/pan_tilt_bringup', 'symlink_install': False, 'test_result_base': None}
[1.337s] Level 5:colcon.colcon_core.verb:set package 'pan_tilt_description' build argument 'cmake_args' from command line to 'None'
[1.337s] Level 5:colcon.colcon_core.verb:set package 'pan_tilt_description' build argument 'cmake_target' from command line to 'None'
[1.337s] Level 5:colcon.colcon_core.verb:set package 'pan_tilt_description' build argument 'cmake_target_skip_unavailable' from command line to 'False'
[1.337s] Level 5:colcon.colcon_core.verb:set package 'pan_tilt_description' build argument 'cmake_clean_cache' from command line to 'False'
[1.337s] Level 5:colcon.colcon_core.verb:set package 'pan_tilt_description' build argument 'cmake_clean_first' from command line to 'False'
[1.337s] Level 5:colcon.colcon_core.verb:set package 'pan_tilt_description' build argument 'cmake_force_configure' from command line to 'False'
[1.337s] Level 5:colcon.colcon_core.verb:set package 'pan_tilt_description' build argument 'ament_cmake_args' from command line to 'None'
[1.337s] Level 5:colcon.colcon_core.verb:set package 'pan_tilt_description' build argument 'catkin_cmake_args' from command line to 'None'
[1.337s] Level 5:colcon.colcon_core.verb:set package 'pan_tilt_description' build argument 'catkin_skip_building_tests' from command line to 'False'
[1.338s] DEBUG:colcon.colcon_core.verb:Building package 'pan_tilt_description' with the following arguments: {'ament_cmake_args': None, 'build_base': '/home/ubuntu/ROS_BAP/WORKSPACES_PERSO/ros2_ws_stage/DuckSimROS2/build/pan_tilt_description', 'catkin_cmake_args': None, 'catkin_skip_building_tests': False, 'cmake_args': None, 'cmake_clean_cache': False, 'cmake_clean_first': False, 'cmake_force_configure': False, 'cmake_target': None, 'cmake_target_skip_unavailable': False, 'install_base': '/home/ubuntu/ROS_BAP/WORKSPACES_PERSO/ros2_ws_stage/DuckSimROS2/install/pan_tilt_description', 'merge_install': False, 'path': '/home/ubuntu/ROS_BAP/WORKSPACES_PERSO/ros2_ws_stage/DuckSimROS2/src/iqr_pan_tilt_controller_ros2/pan_tilt_description', 'symlink_install': False, 'test_result_base': None}
[1.339s] Level 5:colcon.colcon_core.verb:set package 'pan_tilt_msgs' build argument 'cmake_args' from command line to 'None'
[1.339s] Level 5:colcon.colcon_core.verb:set package 'pan_tilt_msgs' build argument 'cmake_target' from command line to 'None'
[1.339s] Level 5:colcon.colcon_core.verb:set package 'pan_tilt_msgs' build argument 'cmake_target_skip_unavailable' from command line to 'False'
[1.339s] Level 5:colcon.colcon_core.verb:set package 'pan_tilt_msgs' build argument 'cmake_clean_cache' from command line to 'False'
[1.339s] Level 5:colcon.colcon_core.verb:set package 'pan_tilt_msgs' build argument 'cmake_clean_first' from command line to 'False'
[1.339s] Level 5:colcon.colcon_core.verb:set package 'pan_tilt_msgs' build argument 'cmake_force_configure' from command line to 'False'
[1.339s] Level 5:colcon.colcon_core.verb:set package 'pan_tilt_msgs' build argument 'ament_cmake_args' from command line to 'None'
[1.339s] Level 5:colcon.colcon_core.verb:set package 'pan_tilt_msgs' build argument 'catkin_cmake_args' from command line to 'None'
[1.339s] Level 5:colcon.colcon_core.verb:set package 'pan_tilt_msgs' build argument 'catkin_skip_building_tests' from command line to 'False'
[1.340s] DEBUG:colcon.colcon_core.verb:Building package 'pan_tilt_msgs' with the following arguments: {'ament_cmake_args': None, 'build_base': '/home/ubuntu/ROS_BAP/WORKSPACES_PERSO/ros2_ws_stage/DuckSimROS2/build/pan_tilt_msgs', 'catkin_cmake_args': None, 'catkin_skip_building_tests': False, 'cmake_args': None, 'cmake_clean_cache': False, 'cmake_clean_first': False, 'cmake_force_configure': False, 'cmake_target': None, 'cmake_target_skip_unavailable': False, 'install_base': '/home/ubuntu/ROS_BAP/WORKSPACES_PERSO/ros2_ws_stage/DuckSimROS2/install/pan_tilt_msgs', 'merge_install': False, 'path': '/home/ubuntu/ROS_BAP/WORKSPACES_PERSO/ros2_ws_stage/DuckSimROS2/src/iqr_pan_tilt_controller_ros2/pan_tilt_msgs', 'symlink_install': False, 'test_result_base': None}
[1.341s] Level 5:colcon.colcon_core.verb:set package 'pan_tilt_controller' build argument 'cmake_args' from command line to 'None'
[1.341s] Level 5:colcon.colcon_core.verb:set package 'pan_tilt_controller' build argument 'cmake_target' from command line to 'None'
[1.341s] Level 5:colcon.colcon_core.verb:set package 'pan_tilt_controller' build argument 'cmake_target_skip_unavailable' from command line to 'False'
[1.341s] Level 5:colcon.colcon_core.verb:set package 'pan_tilt_controller' build argument 'cmake_clean_cache' from command line to 'False'
[1.341s] Level 5:colcon.colcon_core.verb:set package 'pan_tilt_controller' build argument 'cmake_clean_first' from command line to 'False'
[1.341s] Level 5:colcon.colcon_core.verb:set package 'pan_tilt_controller' build argument 'cmake_force_configure' from command line to 'False'
[1.341s] Level 5:colcon.colcon_core.verb:set package 'pan_tilt_controller' build argument 'ament_cmake_args' from command line to 'None'
[1.341s] Level 5:colcon.colcon_core.verb:set package 'pan_tilt_controller' build argument 'catkin_cmake_args' from command line to 'None'
[1.341s] Level 5:colcon.colcon_core.verb:set package 'pan_tilt_controller' build argument 'catkin_skip_building_tests' from command line to 'False'
[1.342s] DEBUG:colcon.colcon_core.verb:Building package 'pan_tilt_controller' with the following arguments: {'ament_cmake_args': None, 'build_base': '/home/ubuntu/ROS_BAP/WORKSPACES_PERSO/ros2_ws_stage/DuckSimROS2/build/pan_tilt_controller', 'catkin_cmake_args': None, 'catkin_skip_building_tests': False, 'cmake_args': None, 'cmake_clean_cache': False, 'cmake_clean_first': False, 'cmake_force_configure': False, 'cmake_target': None, 'cmake_target_skip_unavailable': False, 'install_base': '/home/ubuntu/ROS_BAP/WORKSPACES_PERSO/ros2_ws_stage/DuckSimROS2/install/pan_tilt_controller', 'merge_install': False, 'path': '/home/ubuntu/ROS_BAP/WORKSPACES_PERSO/ros2_ws_stage/DuckSimROS2/src/iqr_pan_tilt_controller_ros2/pan_tilt_controller', 'symlink_install': False, 'test_result_base': None}
[1.343s] Level 5:colcon.colcon_core.verb:set package 'pan_tilt_driver' build argument 'cmake_args' from command line to 'None'
[1.343s] Level 5:colcon.colcon_core.verb:set package 'pan_tilt_driver' build argument 'cmake_target' from command line to 'None'
[1.343s] Level 5:colcon.colcon_core.verb:set package 'pan_tilt_driver' build argument 'cmake_target_skip_unavailable' from command line to 'False'
[1.343s] Level 5:colcon.colcon_core.verb:set package 'pan_tilt_driver' build argument 'cmake_clean_cache' from command line to 'False'
[1.343s] Level 5:colcon.colcon_core.verb:set package 'pan_tilt_driver' build argument 'cmake_clean_first' from command line to 'False'
[1.343s] Level 5:colcon.colcon_core.verb:set package 'pan_tilt_driver' build argument 'cmake_force_configure' from command line to 'False'
[1.343s] Level 5:colcon.colcon_core.verb:set package 'pan_tilt_driver' build argument 'ament_cmake_args' from command line to 'None'
[1.343s] Level 5:colcon.colcon_core.verb:set package 'pan_tilt_driver' build argument 'catkin_cmake_args' from command line to 'None'
[1.343s] Level 5:colcon.colcon_core.verb:set package 'pan_tilt_driver' build argument 'catkin_skip_building_tests' from command line to 'False'
[1.343s] DEBUG:colcon.colcon_core.verb:Building package 'pan_tilt_driver' with the following arguments: {'ament_cmake_args': None, 'build_base': '/home/ubuntu/ROS_BAP/WORKSPACES_PERSO/ros2_ws_stage/DuckSimROS2/build/pan_tilt_driver', 'catkin_cmake_args': None, 'catkin_skip_building_tests': False, 'cmake_args': None, 'cmake_clean_cache': False, 'cmake_clean_first': False, 'cmake_force_configure': False, 'cmake_target': None, 'cmake_target_skip_unavailable': False, 'install_base': '/home/ubuntu/ROS_BAP/WORKSPACES_PERSO/ros2_ws_stage/DuckSimROS2/install/pan_tilt_driver', 'merge_install': False, 'path': '/home/ubuntu/ROS_BAP/WORKSPACES_PERSO/ros2_ws_stage/DuckSimROS2/src/iqr_pan_tilt_controller_ros2/pan_tilt_driver', 'symlink_install': False, 'test_result_base': None}
[1.344s] INFO:colcon.colcon_core.executor:Executing jobs using 'parallel' executor
[1.348s] DEBUG:colcon.colcon_parallel_executor.executor.parallel:run_until_complete
[1.350s] INFO:colcon.colcon_ros.task.ament_cmake.build:Building ROS package in '/home/ubuntu/ROS_BAP/WORKSPACES_PERSO/ros2_ws_stage/DuckSimROS2/src/iqr_pan_tilt_controller_ros2/pan_tilt_msgs' with build type 'ament_cmake'
[1.351s] INFO:colcon.colcon_cmake.task.cmake.build:Building CMake package in '/home/ubuntu/ROS_BAP/WORKSPACES_PERSO/ros2_ws_stage/DuckSimROS2/src/iqr_pan_tilt_controller_ros2/pan_tilt_msgs'
[1.361s] INFO:colcon.colcon_core.plugin_system:Skipping extension 'colcon_core.shell.bat': Not used on non-Windows systems
[1.362s] INFO:colcon.colcon_core.shell:Skip shell extension 'powershell' for command environment: Not usable outside of PowerShell
[1.363s] DEBUG:colcon.colcon_core.shell:Skip shell extension 'dsv' for command environment
[1.386s] INFO:colcon.colcon_ros.task.ament_cmake.build:Building ROS package in '/home/ubuntu/ROS_BAP/WORKSPACES_PERSO/ros2_ws_stage/DuckSimROS2/src/biped_descriptions' with build type 'ament_cmake'
[1.387s] INFO:colcon.colcon_cmake.task.cmake.build:Building CMake package in '/home/ubuntu/ROS_BAP/WORKSPACES_PERSO/ros2_ws_stage/DuckSimROS2/src/biped_descriptions'
[1.388s] INFO:colcon.colcon_core.shell:Skip shell extension 'powershell' for command environment: Not usable outside of PowerShell
[1.388s] DEBUG:colcon.colcon_core.shell:Skip shell extension 'dsv' for command environment
[1.422s] DEBUG:colcon.colcon_core.event_handler.log_command:Invoking command in '/home/ubuntu/ROS_BAP/WORKSPACES_PERSO/ros2_ws_stage/DuckSimROS2/build/pan_tilt_msgs': CMAKE_PREFIX_PATH=/opt/ros/humble /usr/bin/cmake /home/ubuntu/ROS_BAP/WORKSPACES_PERSO/ros2_ws_stage/DuckSimROS2/src/iqr_pan_tilt_controller_ros2/pan_tilt_msgs -DCMAKE_INSTALL_PREFIX=/home/ubuntu/ROS_BAP/WORKSPACES_PERSO/ros2_ws_stage/DuckSimROS2/install/pan_tilt_msgs
[1.456s] DEBUG:colcon.colcon_core.event_handler.log_command:Invoking command in '/home/ubuntu/ROS_BAP/WORKSPACES_PERSO/ros2_ws_stage/DuckSimROS2/build/biped_descriptions': CMAKE_PREFIX_PATH=/opt/ros/humble /usr/bin/cmake /home/ubuntu/ROS_BAP/WORKSPACES_PERSO/ros2_ws_stage/DuckSimROS2/src/biped_descriptions -DCMAKE_INSTALL_PREFIX=/home/ubuntu/ROS_BAP/WORKSPACES_PERSO/ros2_ws_stage/DuckSimROS2/install/biped_descriptions
[2.733s] DEBUG:colcon.colcon_core.event_handler.log_command:Invoked command in '/home/ubuntu/ROS_BAP/WORKSPACES_PERSO/ros2_ws_stage/DuckSimROS2/build/biped_descriptions' returned '0': CMAKE_PREFIX_PATH=/opt/ros/humble /usr/bin/cmake /home/ubuntu/ROS_BAP/WORKSPACES_PERSO/ros2_ws_stage/DuckSimROS2/src/biped_descriptions -DCMAKE_INSTALL_PREFIX=/home/ubuntu/ROS_BAP/WORKSPACES_PERSO/ros2_ws_stage/DuckSimROS2/install/biped_descriptions
[2.743s] DEBUG:colcon.colcon_core.event_handler.log_command:Invoking command in '/home/ubuntu/ROS_BAP/WORKSPACES_PERSO/ros2_ws_stage/DuckSimROS2/build/biped_descriptions': CMAKE_PREFIX_PATH=/opt/ros/humble /usr/bin/cmake --build /home/ubuntu/ROS_BAP/WORKSPACES_PERSO/ros2_ws_stage/DuckSimROS2/build/biped_descriptions -- -j2 -l2
[2.914s] DEBUG:colcon.colcon_core.event_handler.log_command:Invoked command in '/home/ubuntu/ROS_BAP/WORKSPACES_PERSO/ros2_ws_stage/DuckSimROS2/build/biped_descriptions' returned '0': CMAKE_PREFIX_PATH=/opt/ros/humble /usr/bin/cmake --build /home/ubuntu/ROS_BAP/WORKSPACES_PERSO/ros2_ws_stage/DuckSimROS2/build/biped_descriptions -- -j2 -l2
[3.047s] DEBUG:colcon.colcon_core.event_handler.log_command:Invoking command in '/home/ubuntu/ROS_BAP/WORKSPACES_PERSO/ros2_ws_stage/DuckSimROS2/build/biped_descriptions': CMAKE_PREFIX_PATH=/opt/ros/humble /usr/bin/cmake --install /home/ubuntu/ROS_BAP/WORKSPACES_PERSO/ros2_ws_stage/DuckSimROS2/build/biped_descriptions
[3.093s] DEBUG:colcon.colcon_core.event_handler.log_command:Invoked command in '/home/ubuntu/ROS_BAP/WORKSPACES_PERSO/ros2_ws_stage/DuckSimROS2/build/biped_descriptions' returned '1': CMAKE_PREFIX_PATH=/opt/ros/humble /usr/bin/cmake --install /home/ubuntu/ROS_BAP/WORKSPACES_PERSO/ros2_ws_stage/DuckSimROS2/build/biped_descriptions
[3.192s] Level 1:colcon.colcon_core.environment:create_environment_scripts_only(biped_descriptions)
[3.202s] Level 1:colcon.colcon_core.environment:checking '/home/ubuntu/ROS_BAP/WORKSPACES_PERSO/ros2_ws_stage/DuckSimROS2/install/biped_descriptions' for CMake module files
[3.204s] Level 1:colcon.colcon_core.environment:checking '/home/ubuntu/ROS_BAP/WORKSPACES_PERSO/ros2_ws_stage/DuckSimROS2/install/biped_descriptions' for CMake config files
[3.206s] Level 1:colcon.colcon_core.environment:checking '/home/ubuntu/ROS_BAP/WORKSPACES_PERSO/ros2_ws_stage/DuckSimROS2/install/biped_descriptions/bin'
[3.207s] Level 1:colcon.colcon_core.environment:checking '/home/ubuntu/ROS_BAP/WORKSPACES_PERSO/ros2_ws_stage/DuckSimROS2/install/biped_descriptions/lib/pkgconfig/biped_descriptions.pc'
[3.208s] Level 1:colcon.colcon_core.environment:checking '/home/ubuntu/ROS_BAP/WORKSPACES_PERSO/ros2_ws_stage/DuckSimROS2/install/biped_descriptions/lib/python3.10/site-packages'
[3.209s] Level 1:colcon.colcon_core.environment:checking '/home/ubuntu/ROS_BAP/WORKSPACES_PERSO/ros2_ws_stage/DuckSimROS2/install/biped_descriptions/bin'
[3.211s] INFO:colcon.colcon_core.shell:Creating package script '/home/ubuntu/ROS_BAP/WORKSPACES_PERSO/ros2_ws_stage/DuckSimROS2/install/biped_descriptions/share/biped_descriptions/package.ps1'
[3.216s] INFO:colcon.colcon_core.shell:Creating package descriptor '/home/ubuntu/ROS_BAP/WORKSPACES_PERSO/ros2_ws_stage/DuckSimROS2/install/biped_descriptions/share/biped_descriptions/package.dsv'
[3.220s] INFO:colcon.colcon_core.shell:Creating package script '/home/ubuntu/ROS_BAP/WORKSPACES_PERSO/ros2_ws_stage/DuckSimROS2/install/biped_descriptions/share/biped_descriptions/package.sh'
[3.225s] INFO:colcon.colcon_core.shell:Creating package script '/home/ubuntu/ROS_BAP/WORKSPACES_PERSO/ros2_ws_stage/DuckSimROS2/install/biped_descriptions/share/biped_descriptions/package.bash'
[3.230s] INFO:colcon.colcon_core.shell:Creating package script '/home/ubuntu/ROS_BAP/WORKSPACES_PERSO/ros2_ws_stage/DuckSimROS2/install/biped_descriptions/share/biped_descriptions/package.zsh'
[3.234s] Level 1:colcon.colcon_core.environment:create_file_with_runtime_dependencies(/home/ubuntu/ROS_BAP/WORKSPACES_PERSO/ros2_ws_stage/DuckSimROS2/install/biped_descriptions/share/colcon-core/packages/biped_descriptions)
[6.070s] DEBUG:colcon.colcon_parallel_executor.executor.parallel:closing loop
[6.072s] DEBUG:colcon.colcon_parallel_executor.executor.parallel:loop closed
[6.072s] DEBUG:colcon.colcon_parallel_executor.executor.parallel:run_until_complete finished with '1'
[6.073s] DEBUG:colcon.colcon_core.event_reactor:joining thread
[6.098s] INFO:colcon.colcon_core.plugin_system:Skipping extension 'colcon_notification.desktop_notification.terminal_notifier': Not used on non-Darwin systems
[6.099s] INFO:colcon.colcon_core.plugin_system:Skipping extension 'colcon_notification.desktop_notification.win32': Not used on non-Windows systems
[6.099s] INFO:colcon.colcon_notification.desktop_notification:Sending desktop notification using 'notify2'
[6.144s] DEBUG:colcon.colcon_core.event_reactor:joined thread
[6.146s] INFO:colcon.colcon_core.shell:Creating prefix script '/home/ubuntu/ROS_BAP/WORKSPACES_PERSO/ros2_ws_stage/DuckSimROS2/install/local_setup.ps1'
[6.150s] INFO:colcon.colcon_core.shell:Creating prefix util module '/home/ubuntu/ROS_BAP/WORKSPACES_PERSO/ros2_ws_stage/DuckSimROS2/install/_local_setup_util_ps1.py'
[6.155s] INFO:colcon.colcon_core.shell:Creating prefix chain script '/home/ubuntu/ROS_BAP/WORKSPACES_PERSO/ros2_ws_stage/DuckSimROS2/install/setup.ps1'
[6.162s] INFO:colcon.colcon_core.shell:Creating prefix script '/home/ubuntu/ROS_BAP/WORKSPACES_PERSO/ros2_ws_stage/DuckSimROS2/install/local_setup.sh'
[6.165s] INFO:colcon.colcon_core.shell:Creating prefix util module '/home/ubuntu/ROS_BAP/WORKSPACES_PERSO/ros2_ws_stage/DuckSimROS2/install/_local_setup_util_sh.py'
[6.168s] INFO:colcon.colcon_core.shell:Creating prefix chain script '/home/ubuntu/ROS_BAP/WORKSPACES_PERSO/ros2_ws_stage/DuckSimROS2/install/setup.sh'
[6.173s] INFO:colcon.colcon_core.shell:Creating prefix script '/home/ubuntu/ROS_BAP/WORKSPACES_PERSO/ros2_ws_stage/DuckSimROS2/install/local_setup.bash'
[6.175s] INFO:colcon.colcon_core.shell:Creating prefix chain script '/home/ubuntu/ROS_BAP/WORKSPACES_PERSO/ros2_ws_stage/DuckSimROS2/install/setup.bash'
[6.180s] INFO:colcon.colcon_core.shell:Creating prefix script '/home/ubuntu/ROS_BAP/WORKSPACES_PERSO/ros2_ws_stage/DuckSimROS2/install/local_setup.zsh'
[6.183s] INFO:colcon.colcon_core.shell:Creating prefix chain script '/home/ubuntu/ROS_BAP/WORKSPACES_PERSO/ros2_ws_stage/DuckSimROS2/install/setup.zsh'
