[0.041s] Invoking command in '/home/ubuntu/ROS_BAP/WORKSPACES_PERSO/ros2_ws_stage/ws_robotBipede/build/biped_gazebo_worlds': CMAKE_PREFIX_PATH=${CMAKE_PREFIX_PATH}:/opt/ros/humble /usr/bin/cmake --build /home/ubuntu/ROS_BAP/WORKSPACES_PERSO/ros2_ws_stage/ws_robotBipede/build/biped_gazebo_worlds -- -j2 -l2
[0.152s] Invoked command in '/home/ubuntu/ROS_BAP/WORKSPACES_PERSO/ros2_ws_stage/ws_robotBipede/build/biped_gazebo_worlds' returned '0': CMAKE_PREFIX_PATH=${CMAKE_PREFIX_PATH}:/opt/ros/humble /usr/bin/cmake --build /home/ubuntu/ROS_BAP/WORKSPACES_PERSO/ros2_ws_stage/ws_robotBipede/build/biped_gazebo_worlds -- -j2 -l2
[0.220s] Invoking command in '/home/ubuntu/ROS_BAP/WORKSPACES_PERSO/ros2_ws_stage/ws_robotBipede/build/biped_gazebo_worlds': CMAKE_PREFIX_PATH=${CMAKE_PREFIX_PATH}:/opt/ros/humble /usr/bin/cmake --install /home/ubuntu/ROS_BAP/WORKSPACES_PERSO/ros2_ws_stage/ws_robotBipede/build/biped_gazebo_worlds
[0.239s] -- Install configuration: ""
[0.239s] -- Execute custom install script
[0.240s] -- Up-to-date symlink: /home/ubuntu/ROS_BAP/WORKSPACES_PERSO/ros2_ws_stage/ws_robotBipede/install/biped_gazebo_worlds/share/biped_gazebo_worlds//launch/empty_underwater_world.launch.py
[0.240s] -- Up-to-date symlink: /home/ubuntu/ROS_BAP/WORKSPACES_PERSO/ros2_ws_stage/ws_robotBipede/install/biped_gazebo_worlds/share/biped_gazebo_worlds//launch/empty_world.launch.py
[0.241s] -- Up-to-date symlink: /home/ubuntu/ROS_BAP/WORKSPACES_PERSO/ros2_ws_stage/ws_robotBipede/install/biped_gazebo_worlds/share/biped_gazebo_worlds//worlds/empty_underwater.world
[0.241s] -- Up-to-date symlink: /home/ubuntu/ROS_BAP/WORKSPACES_PERSO/ros2_ws_stage/ws_robotBipede/install/biped_gazebo_worlds/share/biped_gazebo_worlds//worlds/empty_world.world
[0.241s] -- Up-to-date symlink: /home/ubuntu/ROS_BAP/WORKSPACES_PERSO/ros2_ws_stage/ws_robotBipede/install/biped_gazebo_worlds/share/biped_gazebo_worlds//worlds/lake.world
[0.242s] -- Up-to-date symlink: /home/ubuntu/ROS_BAP/WORKSPACES_PERSO/ros2_ws_stage/ws_robotBipede/install/biped_gazebo_worlds/share/biped_gazebo_worlds//worlds/materials/flat_normal.png
[0.242s] -- Up-to-date symlink: /home/ubuntu/ROS_BAP/WORKSPACES_PERSO/ros2_ws_stage/ws_robotBipede/install/biped_gazebo_worlds/share/biped_gazebo_worlds//worlds/materials/mesh_L100m_N256.dae
[0.242s] -- Up-to-date symlink: /home/ubuntu/ROS_BAP/WORKSPACES_PERSO/ros2_ws_stage/ws_robotBipede/install/biped_gazebo_worlds/share/biped_gazebo_worlds//worlds/materials/mesh_L100m_N256_below.dae
[0.242s] -- Up-to-date symlink: /home/ubuntu/ROS_BAP/WORKSPACES_PERSO/ros2_ws_stage/ws_robotBipede/install/biped_gazebo_worlds/share/biped_gazebo_worlds//worlds/materials/mesh_L256m_N256.dae
[0.243s] -- Up-to-date symlink: /home/ubuntu/ROS_BAP/WORKSPACES_PERSO/ros2_ws_stage/ws_robotBipede/install/biped_gazebo_worlds/share/biped_gazebo_worlds//worlds/materials/mesh_L256m_N256_below.dae
[0.243s] -- Up-to-date symlink: /home/ubuntu/ROS_BAP/WORKSPACES_PERSO/ros2_ws_stage/ws_robotBipede/install/biped_gazebo_worlds/share/biped_gazebo_worlds//worlds/materials/skybox_lowres.dds
[0.243s] -- Up-to-date symlink: /home/ubuntu/ROS_BAP/WORKSPACES_PERSO/ros2_ws_stage/ws_robotBipede/install/biped_gazebo_worlds/share/biped_gazebo_worlds//worlds/materials/skybox_test.dds
[0.243s] -- Up-to-date symlink: /home/ubuntu/ROS_BAP/WORKSPACES_PERSO/ros2_ws_stage/ws_robotBipede/install/biped_gazebo_worlds/share/biped_gazebo_worlds//worlds/materials/wave_normals.dds
[0.243s] -- Up-to-date symlink: /home/ubuntu/ROS_BAP/WORKSPACES_PERSO/ros2_ws_stage/ws_robotBipede/install/biped_gazebo_worlds/share/biped_gazebo_worlds//worlds/materials/waves_fs.glsl
[0.244s] -- Up-to-date symlink: /home/ubuntu/ROS_BAP/WORKSPACES_PERSO/ros2_ws_stage/ws_robotBipede/install/biped_gazebo_worlds/share/biped_gazebo_worlds//worlds/materials/waves_fs.metal
[0.244s] -- Up-to-date symlink: /home/ubuntu/ROS_BAP/WORKSPACES_PERSO/ros2_ws_stage/ws_robotBipede/install/biped_gazebo_worlds/share/biped_gazebo_worlds//worlds/materials/waves_vs.glsl
[0.244s] -- Up-to-date symlink: /home/ubuntu/ROS_BAP/WORKSPACES_PERSO/ros2_ws_stage/ws_robotBipede/install/biped_gazebo_worlds/share/biped_gazebo_worlds//worlds/materials/waves_vs.metal
[0.244s] -- Up-to-date symlink: /home/ubuntu/ROS_BAP/WORKSPACES_PERSO/ros2_ws_stage/ws_robotBipede/install/biped_gazebo_worlds/share/biped_gazebo_worlds//worlds/model.config
[0.245s] -- Up-to-date symlink: /home/ubuntu/ROS_BAP/WORKSPACES_PERSO/ros2_ws_stage/ws_robotBipede/install/biped_gazebo_worlds/share/biped_gazebo_worlds//worlds/model.sdf
[0.245s] -- Up-to-date symlink: /home/ubuntu/ROS_BAP/WORKSPACES_PERSO/ros2_ws_stage/ws_robotBipede/install/biped_gazebo_worlds/share/biped_gazebo_worlds//worlds/test_world.sdf
[0.245s] -- Up-to-date symlink: /home/ubuntu/ROS_BAP/WORKSPACES_PERSO/ros2_ws_stage/ws_robotBipede/install/biped_gazebo_worlds/share/biped_gazebo_worlds//models/ground_plane/ground_plane.sdf
[0.246s] -- Up-to-date symlink: /home/ubuntu/ROS_BAP/WORKSPACES_PERSO/ros2_ws_stage/ws_robotBipede/install/biped_gazebo_worlds/share/biped_gazebo_worlds//models/ground_plane/model.config
[0.246s] -- Up-to-date symlink: /home/ubuntu/ROS_BAP/WORKSPACES_PERSO/ros2_ws_stage/ws_robotBipede/install/biped_gazebo_worlds/share/biped_gazebo_worlds//models/ocean_waves/materials/flat_normal.png
[0.246s] -- Up-to-date symlink: /home/ubuntu/ROS_BAP/WORKSPACES_PERSO/ros2_ws_stage/ws_robotBipede/install/biped_gazebo_worlds/share/biped_gazebo_worlds//models/ocean_waves/materials/mesh_L100m_N256.dae
[0.247s] -- Up-to-date symlink: /home/ubuntu/ROS_BAP/WORKSPACES_PERSO/ros2_ws_stage/ws_robotBipede/install/biped_gazebo_worlds/share/biped_gazebo_worlds//models/ocean_waves/materials/mesh_L100m_N256_below.dae
[0.247s] -- Up-to-date symlink: /home/ubuntu/ROS_BAP/WORKSPACES_PERSO/ros2_ws_stage/ws_robotBipede/install/biped_gazebo_worlds/share/biped_gazebo_worlds//models/ocean_waves/materials/mesh_L256m_N256.dae
[0.247s] -- Up-to-date symlink: /home/ubuntu/ROS_BAP/WORKSPACES_PERSO/ros2_ws_stage/ws_robotBipede/install/biped_gazebo_worlds/share/biped_gazebo_worlds//models/ocean_waves/materials/mesh_L256m_N256_below.dae
[0.247s] -- Up-to-date symlink: /home/ubuntu/ROS_BAP/WORKSPACES_PERSO/ros2_ws_stage/ws_robotBipede/install/biped_gazebo_worlds/share/biped_gazebo_worlds//models/ocean_waves/materials/skybox_lowres.dds
[0.248s] -- Up-to-date symlink: /home/ubuntu/ROS_BAP/WORKSPACES_PERSO/ros2_ws_stage/ws_robotBipede/install/biped_gazebo_worlds/share/biped_gazebo_worlds//models/ocean_waves/materials/skybox_test.dds
[0.248s] -- Up-to-date symlink: /home/ubuntu/ROS_BAP/WORKSPACES_PERSO/ros2_ws_stage/ws_robotBipede/install/biped_gazebo_worlds/share/biped_gazebo_worlds//models/ocean_waves/materials/wave_normals.dds
[0.248s] -- Up-to-date symlink: /home/ubuntu/ROS_BAP/WORKSPACES_PERSO/ros2_ws_stage/ws_robotBipede/install/biped_gazebo_worlds/share/biped_gazebo_worlds//models/ocean_waves/materials/waves_fs.glsl
[0.248s] -- Up-to-date symlink: /home/ubuntu/ROS_BAP/WORKSPACES_PERSO/ros2_ws_stage/ws_robotBipede/install/biped_gazebo_worlds/share/biped_gazebo_worlds//models/ocean_waves/materials/waves_fs.metal
[0.248s] -- Up-to-date symlink: /home/ubuntu/ROS_BAP/WORKSPACES_PERSO/ros2_ws_stage/ws_robotBipede/install/biped_gazebo_worlds/share/biped_gazebo_worlds//models/ocean_waves/materials/waves_vs.glsl
[0.249s] -- Up-to-date symlink: /home/ubuntu/ROS_BAP/WORKSPACES_PERSO/ros2_ws_stage/ws_robotBipede/install/biped_gazebo_worlds/share/biped_gazebo_worlds//models/ocean_waves/materials/waves_vs.metal
[0.249s] -- Up-to-date symlink: /home/ubuntu/ROS_BAP/WORKSPACES_PERSO/ros2_ws_stage/ws_robotBipede/install/biped_gazebo_worlds/share/biped_gazebo_worlds//models/ocean_waves/model.config
[0.249s] -- Up-to-date symlink: /home/ubuntu/ROS_BAP/WORKSPACES_PERSO/ros2_ws_stage/ws_robotBipede/install/biped_gazebo_worlds/share/biped_gazebo_worlds//models/ocean_waves/model.sdf
[0.249s] -- Up-to-date symlink: /home/ubuntu/ROS_BAP/WORKSPACES_PERSO/ros2_ws_stage/ws_robotBipede/install/biped_gazebo_worlds/share/ament_index/resource_index/package_run_dependencies/biped_gazebo_worlds
[0.250s] -- Up-to-date symlink: /home/ubuntu/ROS_BAP/WORKSPACES_PERSO/ros2_ws_stage/ws_robotBipede/install/biped_gazebo_worlds/share/ament_index/resource_index/parent_prefix_path/biped_gazebo_worlds
[0.250s] -- Up-to-date symlink: /home/ubuntu/ROS_BAP/WORKSPACES_PERSO/ros2_ws_stage/ws_robotBipede/install/biped_gazebo_worlds/share/biped_gazebo_worlds/environment/ament_prefix_path.sh
[0.250s] -- Up-to-date symlink: /home/ubuntu/ROS_BAP/WORKSPACES_PERSO/ros2_ws_stage/ws_robotBipede/install/biped_gazebo_worlds/share/biped_gazebo_worlds/environment/ament_prefix_path.dsv
[0.251s] -- Up-to-date symlink: /home/ubuntu/ROS_BAP/WORKSPACES_PERSO/ros2_ws_stage/ws_robotBipede/install/biped_gazebo_worlds/share/biped_gazebo_worlds/environment/path.sh
[0.251s] -- Up-to-date symlink: /home/ubuntu/ROS_BAP/WORKSPACES_PERSO/ros2_ws_stage/ws_robotBipede/install/biped_gazebo_worlds/share/biped_gazebo_worlds/environment/path.dsv
[0.251s] -- Up-to-date symlink: /home/ubuntu/ROS_BAP/WORKSPACES_PERSO/ros2_ws_stage/ws_robotBipede/install/biped_gazebo_worlds/share/biped_gazebo_worlds/local_setup.bash
[0.251s] -- Up-to-date symlink: /home/ubuntu/ROS_BAP/WORKSPACES_PERSO/ros2_ws_stage/ws_robotBipede/install/biped_gazebo_worlds/share/biped_gazebo_worlds/local_setup.sh
[0.252s] -- Up-to-date symlink: /home/ubuntu/ROS_BAP/WORKSPACES_PERSO/ros2_ws_stage/ws_robotBipede/install/biped_gazebo_worlds/share/biped_gazebo_worlds/local_setup.zsh
[0.252s] -- Up-to-date symlink: /home/ubuntu/ROS_BAP/WORKSPACES_PERSO/ros2_ws_stage/ws_robotBipede/install/biped_gazebo_worlds/share/biped_gazebo_worlds/local_setup.dsv
[0.252s] -- Symlinking: /home/ubuntu/ROS_BAP/WORKSPACES_PERSO/ros2_ws_stage/ws_robotBipede/install/biped_gazebo_worlds/share/biped_gazebo_worlds/package.dsv
[0.276s] -- Up-to-date symlink: /home/ubuntu/ROS_BAP/WORKSPACES_PERSO/ros2_ws_stage/ws_robotBipede/install/biped_gazebo_worlds/share/ament_index/resource_index/packages/biped_gazebo_worlds
[0.277s] -- Up-to-date symlink: /home/ubuntu/ROS_BAP/WORKSPACES_PERSO/ros2_ws_stage/ws_robotBipede/install/biped_gazebo_worlds/share/biped_gazebo_worlds/cmake/biped_gazebo_worldsConfig.cmake
[0.278s] -- Up-to-date symlink: /home/ubuntu/ROS_BAP/WORKSPACES_PERSO/ros2_ws_stage/ws_robotBipede/install/biped_gazebo_worlds/share/biped_gazebo_worlds/cmake/biped_gazebo_worldsConfig-version.cmake
[0.278s] -- Up-to-date symlink: /home/ubuntu/ROS_BAP/WORKSPACES_PERSO/ros2_ws_stage/ws_robotBipede/install/biped_gazebo_worlds/share/biped_gazebo_worlds/package.xml
[0.339s] Invoked command in '/home/ubuntu/ROS_BAP/WORKSPACES_PERSO/ros2_ws_stage/ws_robotBipede/build/biped_gazebo_worlds' returned '0': CMAKE_PREFIX_PATH=${CMAKE_PREFIX_PATH}:/opt/ros/humble /usr/bin/cmake --install /home/ubuntu/ROS_BAP/WORKSPACES_PERSO/ros2_ws_stage/ws_robotBipede/build/biped_gazebo_worlds
