[0.131s] DEBUG:colcon:Command line arguments: ['/usr/bin/colcon', 'build', '--symlink-install']
[0.131s] DEBUG:colcon:Parsed command line arguments: Namespace(log_base=None, log_level=None, verb_name='build', build_base='build', install_base='install', merge_install=False, symlink_install=True, test_result_base=None, continue_on_error=False, executor='parallel', parallel_workers=2, event_handlers=None, ignore_user_meta=False, metas=['./colcon.meta'], base_paths=['.'], packages_ignore=None, packages_ignore_regex=None, paths=None, packages_up_to=None, packages_up_to_regex=None, packages_above=None, packages_above_and_dependencies=None, packages_above_depth=None, packages_select_by_dep=None, packages_skip_by_dep=None, packages_skip_up_to=None, packages_select_build_failed=False, packages_skip_build_finished=False, packages_select_test_failures=False, packages_skip_test_passed=False, packages_select=None, packages_skip=None, packages_select_regex=None, packages_skip_regex=None, packages_start=None, packages_end=None, allow_overriding=[], cmake_args=None, cmake_target=None, cmake_target_skip_unavailable=False, cmake_clean_cache=False, cmake_clean_first=False, cmake_force_configure=False, ament_cmake_args=None, catkin_cmake_args=None, catkin_skip_building_tests=False, verb_parser=<colcon_defaults.argument_parser.defaults.DefaultArgumentsDecorator object at 0x7c681c1039d0>, verb_extension=<colcon_core.verb.build.BuildVerb object at 0x7c681c103580>, main=<bound method BuildVerb.main of <colcon_core.verb.build.BuildVerb object at 0x7c681c103580>>)
[0.310s] Level 1:colcon.colcon_core.package_discovery:discover_packages(colcon_meta) check parameters
[0.310s] Level 1:colcon.colcon_core.package_discovery:discover_packages(recursive) check parameters
[0.311s] Level 1:colcon.colcon_core.package_discovery:discover_packages(ignore) check parameters
[0.311s] Level 1:colcon.colcon_core.package_discovery:discover_packages(path) check parameters
[0.311s] Level 1:colcon.colcon_core.package_discovery:discover_packages(colcon_meta) discover
[0.311s] Level 1:colcon.colcon_core.package_discovery:discover_packages(recursive) discover
[0.311s] INFO:colcon.colcon_core.package_discovery:Crawling recursively for packages in '/home/ubuntu/ROS_BAP/WORKSPACES_PERSO/ros2_ws_stage/DuckSimROS2'
[0.311s] Level 1:colcon.colcon_core.package_identification:_identify(.) by extensions ['ignore', 'ignore_ament_install']
[0.311s] Level 1:colcon.colcon_core.package_identification:_identify(.) by extension 'ignore'
[0.311s] Level 1:colcon.colcon_core.package_identification:_identify(.) by extension 'ignore_ament_install'
[0.311s] Level 1:colcon.colcon_core.package_identification:_identify(.) by extensions ['colcon_pkg']
[0.311s] Level 1:colcon.colcon_core.package_identification:_identify(.) by extension 'colcon_pkg'
[0.311s] Level 1:colcon.colcon_core.package_identification:_identify(.) by extensions ['colcon_meta']
[0.311s] Level 1:colcon.colcon_core.package_identification:_identify(.) by extension 'colcon_meta'
[0.311s] Level 1:colcon.colcon_core.package_identification:_identify(.) by extensions ['ros']
[0.311s] Level 1:colcon.colcon_core.package_identification:_identify(.) by extension 'ros'
[0.323s] Level 1:colcon.colcon_core.package_identification:_identify(.) by extensions ['cmake', 'python']
[0.324s] Level 1:colcon.colcon_core.package_identification:_identify(.) by extension 'cmake'
[0.324s] Level 1:colcon.colcon_core.package_identification:_identify(.) by extension 'python'
[0.324s] Level 1:colcon.colcon_core.package_identification:_identify(.) by extensions ['python_setup_py']
[0.324s] Level 1:colcon.colcon_core.package_identification:_identify(.) by extension 'python_setup_py'
[0.324s] Level 1:colcon.colcon_core.package_identification:_identify(build) by extensions ['ignore', 'ignore_ament_install']
[0.324s] Level 1:colcon.colcon_core.package_identification:_identify(build) by extension 'ignore'
[0.324s] Level 1:colcon.colcon_core.package_identification:_identify(build) ignored
[0.324s] Level 1:colcon.colcon_core.package_identification:_identify(install) by extensions ['ignore', 'ignore_ament_install']
[0.324s] Level 1:colcon.colcon_core.package_identification:_identify(install) by extension 'ignore'
[0.324s] Level 1:colcon.colcon_core.package_identification:_identify(install) ignored
[0.324s] Level 1:colcon.colcon_core.package_identification:_identify(log) by extensions ['ignore', 'ignore_ament_install']
[0.324s] Level 1:colcon.colcon_core.package_identification:_identify(log) by extension 'ignore'
[0.324s] Level 1:colcon.colcon_core.package_identification:_identify(log) ignored
[0.325s] Level 1:colcon.colcon_core.package_identification:_identify(src) by extensions ['ignore', 'ignore_ament_install']
[0.325s] Level 1:colcon.colcon_core.package_identification:_identify(src) by extension 'ignore'
[0.325s] Level 1:colcon.colcon_core.package_identification:_identify(src) by extension 'ignore_ament_install'
[0.325s] Level 1:colcon.colcon_core.package_identification:_identify(src) by extensions ['colcon_pkg']
[0.325s] Level 1:colcon.colcon_core.package_identification:_identify(src) by extension 'colcon_pkg'
[0.325s] Level 1:colcon.colcon_core.package_identification:_identify(src) by extensions ['colcon_meta']
[0.325s] Level 1:colcon.colcon_core.package_identification:_identify(src) by extension 'colcon_meta'
[0.325s] Level 1:colcon.colcon_core.package_identification:_identify(src) by extensions ['ros']
[0.325s] Level 1:colcon.colcon_core.package_identification:_identify(src) by extension 'ros'
[0.325s] Level 1:colcon.colcon_core.package_identification:_identify(src) by extensions ['cmake', 'python']
[0.325s] Level 1:colcon.colcon_core.package_identification:_identify(src) by extension 'cmake'
[0.325s] Level 1:colcon.colcon_core.package_identification:_identify(src) by extension 'python'
[0.325s] Level 1:colcon.colcon_core.package_identification:_identify(src) by extensions ['python_setup_py']
[0.325s] Level 1:colcon.colcon_core.package_identification:_identify(src) by extension 'python_setup_py'
[0.325s] Level 1:colcon.colcon_core.package_identification:_identify(src/biped_descriptions) by extensions ['ignore', 'ignore_ament_install']
[0.325s] Level 1:colcon.colcon_core.package_identification:_identify(src/biped_descriptions) by extension 'ignore'
[0.325s] Level 1:colcon.colcon_core.package_identification:_identify(src/biped_descriptions) by extension 'ignore_ament_install'
[0.325s] Level 1:colcon.colcon_core.package_identification:_identify(src/biped_descriptions) by extensions ['colcon_pkg']
[0.325s] Level 1:colcon.colcon_core.package_identification:_identify(src/biped_descriptions) by extension 'colcon_pkg'
[0.325s] Level 1:colcon.colcon_core.package_identification:_identify(src/biped_descriptions) by extensions ['colcon_meta']
[0.325s] Level 1:colcon.colcon_core.package_identification:_identify(src/biped_descriptions) by extension 'colcon_meta'
[0.325s] Level 1:colcon.colcon_core.package_identification:_identify(src/biped_descriptions) by extensions ['ros']
[0.325s] Level 1:colcon.colcon_core.package_identification:_identify(src/biped_descriptions) by extension 'ros'
[0.329s] DEBUG:colcon.colcon_core.package_identification:Package 'src/biped_descriptions' with type 'ros.ament_cmake' and name 'biped_descriptions'
[0.329s] Level 1:colcon.colcon_core.package_identification:_identify(src/biped_gazebo_worlds) by extensions ['ignore', 'ignore_ament_install']
[0.329s] Level 1:colcon.colcon_core.package_identification:_identify(src/biped_gazebo_worlds) by extension 'ignore'
[0.329s] Level 1:colcon.colcon_core.package_identification:_identify(src/biped_gazebo_worlds) by extension 'ignore_ament_install'
[0.329s] Level 1:colcon.colcon_core.package_identification:_identify(src/biped_gazebo_worlds) by extensions ['colcon_pkg']
[0.330s] Level 1:colcon.colcon_core.package_identification:_identify(src/biped_gazebo_worlds) by extension 'colcon_pkg'
[0.330s] Level 1:colcon.colcon_core.package_identification:_identify(src/biped_gazebo_worlds) by extensions ['colcon_meta']
[0.330s] Level 1:colcon.colcon_core.package_identification:_identify(src/biped_gazebo_worlds) by extension 'colcon_meta'
[0.330s] Level 1:colcon.colcon_core.package_identification:_identify(src/biped_gazebo_worlds) by extensions ['ros']
[0.330s] Level 1:colcon.colcon_core.package_identification:_identify(src/biped_gazebo_worlds) by extension 'ros'
[0.330s] DEBUG:colcon.colcon_core.package_identification:Package 'src/biped_gazebo_worlds' with type 'ros.ament_cmake' and name 'biped_gazebo_worlds'
[0.331s] Level 1:colcon.colcon_core.package_identification:_identify(src/iqr_pan_tilt_controller_ros2) by extensions ['ignore', 'ignore_ament_install']
[0.331s] Level 1:colcon.colcon_core.package_identification:_identify(src/iqr_pan_tilt_controller_ros2) by extension 'ignore'
[0.331s] Level 1:colcon.colcon_core.package_identification:_identify(src/iqr_pan_tilt_controller_ros2) by extension 'ignore_ament_install'
[0.331s] Level 1:colcon.colcon_core.package_identification:_identify(src/iqr_pan_tilt_controller_ros2) by extensions ['colcon_pkg']
[0.331s] Level 1:colcon.colcon_core.package_identification:_identify(src/iqr_pan_tilt_controller_ros2) by extension 'colcon_pkg'
[0.331s] Level 1:colcon.colcon_core.package_identification:_identify(src/iqr_pan_tilt_controller_ros2) by extensions ['colcon_meta']
[0.331s] Level 1:colcon.colcon_core.package_identification:_identify(src/iqr_pan_tilt_controller_ros2) by extension 'colcon_meta'
[0.331s] Level 1:colcon.colcon_core.package_identification:_identify(src/iqr_pan_tilt_controller_ros2) by extensions ['ros']
[0.331s] Level 1:colcon.colcon_core.package_identification:_identify(src/iqr_pan_tilt_controller_ros2) by extension 'ros'
[0.331s] Level 1:colcon.colcon_core.package_identification:_identify(src/iqr_pan_tilt_controller_ros2) by extensions ['cmake', 'python']
[0.331s] Level 1:colcon.colcon_core.package_identification:_identify(src/iqr_pan_tilt_controller_ros2) by extension 'cmake'
[0.331s] Level 1:colcon.colcon_core.package_identification:_identify(src/iqr_pan_tilt_controller_ros2) by extension 'python'
[0.331s] Level 1:colcon.colcon_core.package_identification:_identify(src/iqr_pan_tilt_controller_ros2) by extensions ['python_setup_py']
[0.331s] Level 1:colcon.colcon_core.package_identification:_identify(src/iqr_pan_tilt_controller_ros2) by extension 'python_setup_py'
[0.331s] Level 1:colcon.colcon_core.package_identification:_identify(src/iqr_pan_tilt_controller_ros2/pan_tilt_bringup) by extensions ['ignore', 'ignore_ament_install']
[0.331s] Level 1:colcon.colcon_core.package_identification:_identify(src/iqr_pan_tilt_controller_ros2/pan_tilt_bringup) by extension 'ignore'
[0.331s] Level 1:colcon.colcon_core.package_identification:_identify(src/iqr_pan_tilt_controller_ros2/pan_tilt_bringup) by extension 'ignore_ament_install'
[0.331s] Level 1:colcon.colcon_core.package_identification:_identify(src/iqr_pan_tilt_controller_ros2/pan_tilt_bringup) by extensions ['colcon_pkg']
[0.332s] Level 1:colcon.colcon_core.package_identification:_identify(src/iqr_pan_tilt_controller_ros2/pan_tilt_bringup) by extension 'colcon_pkg'
[0.332s] Level 1:colcon.colcon_core.package_identification:_identify(src/iqr_pan_tilt_controller_ros2/pan_tilt_bringup) by extensions ['colcon_meta']
[0.332s] Level 1:colcon.colcon_core.package_identification:_identify(src/iqr_pan_tilt_controller_ros2/pan_tilt_bringup) by extension 'colcon_meta'
[0.332s] Level 1:colcon.colcon_core.package_identification:_identify(src/iqr_pan_tilt_controller_ros2/pan_tilt_bringup) by extensions ['ros']
[0.332s] Level 1:colcon.colcon_core.package_identification:_identify(src/iqr_pan_tilt_controller_ros2/pan_tilt_bringup) by extension 'ros'
[0.332s] DEBUG:colcon.colcon_core.package_identification:Package 'src/iqr_pan_tilt_controller_ros2/pan_tilt_bringup' with type 'ros.ament_cmake' and name 'pan_tilt_bringup'
[0.332s] Level 1:colcon.colcon_core.package_identification:_identify(src/iqr_pan_tilt_controller_ros2/pan_tilt_controller) by extensions ['ignore', 'ignore_ament_install']
[0.333s] Level 1:colcon.colcon_core.package_identification:_identify(src/iqr_pan_tilt_controller_ros2/pan_tilt_controller) by extension 'ignore'
[0.333s] Level 1:colcon.colcon_core.package_identification:_identify(src/iqr_pan_tilt_controller_ros2/pan_tilt_controller) by extension 'ignore_ament_install'
[0.333s] Level 1:colcon.colcon_core.package_identification:_identify(src/iqr_pan_tilt_controller_ros2/pan_tilt_controller) by extensions ['colcon_pkg']
[0.333s] Level 1:colcon.colcon_core.package_identification:_identify(src/iqr_pan_tilt_controller_ros2/pan_tilt_controller) by extension 'colcon_pkg'
[0.333s] Level 1:colcon.colcon_core.package_identification:_identify(src/iqr_pan_tilt_controller_ros2/pan_tilt_controller) by extensions ['colcon_meta']
[0.333s] Level 1:colcon.colcon_core.package_identification:_identify(src/iqr_pan_tilt_controller_ros2/pan_tilt_controller) by extension 'colcon_meta'
[0.333s] Level 1:colcon.colcon_core.package_identification:_identify(src/iqr_pan_tilt_controller_ros2/pan_tilt_controller) by extensions ['ros']
[0.333s] Level 1:colcon.colcon_core.package_identification:_identify(src/iqr_pan_tilt_controller_ros2/pan_tilt_controller) by extension 'ros'
[0.334s] DEBUG:colcon.colcon_core.package_identification:Package 'src/iqr_pan_tilt_controller_ros2/pan_tilt_controller' with type 'ros.ament_python' and name 'pan_tilt_controller'
[0.334s] Level 1:colcon.colcon_core.package_identification:_identify(src/iqr_pan_tilt_controller_ros2/pan_tilt_description) by extensions ['ignore', 'ignore_ament_install']
[0.334s] Level 1:colcon.colcon_core.package_identification:_identify(src/iqr_pan_tilt_controller_ros2/pan_tilt_description) by extension 'ignore'
[0.334s] Level 1:colcon.colcon_core.package_identification:_identify(src/iqr_pan_tilt_controller_ros2/pan_tilt_description) by extension 'ignore_ament_install'
[0.334s] Level 1:colcon.colcon_core.package_identification:_identify(src/iqr_pan_tilt_controller_ros2/pan_tilt_description) by extensions ['colcon_pkg']
[0.334s] Level 1:colcon.colcon_core.package_identification:_identify(src/iqr_pan_tilt_controller_ros2/pan_tilt_description) by extension 'colcon_pkg'
[0.334s] Level 1:colcon.colcon_core.package_identification:_identify(src/iqr_pan_tilt_controller_ros2/pan_tilt_description) by extensions ['colcon_meta']
[0.334s] Level 1:colcon.colcon_core.package_identification:_identify(src/iqr_pan_tilt_controller_ros2/pan_tilt_description) by extension 'colcon_meta'
[0.334s] Level 1:colcon.colcon_core.package_identification:_identify(src/iqr_pan_tilt_controller_ros2/pan_tilt_description) by extensions ['ros']
[0.334s] Level 1:colcon.colcon_core.package_identification:_identify(src/iqr_pan_tilt_controller_ros2/pan_tilt_description) by extension 'ros'
[0.335s] DEBUG:colcon.colcon_core.package_identification:Package 'src/iqr_pan_tilt_controller_ros2/pan_tilt_description' with type 'ros.ament_cmake' and name 'pan_tilt_description'
[0.335s] Level 1:colcon.colcon_core.package_identification:_identify(src/iqr_pan_tilt_controller_ros2/pan_tilt_driver) by extensions ['ignore', 'ignore_ament_install']
[0.335s] Level 1:colcon.colcon_core.package_identification:_identify(src/iqr_pan_tilt_controller_ros2/pan_tilt_driver) by extension 'ignore'
[0.335s] Level 1:colcon.colcon_core.package_identification:_identify(src/iqr_pan_tilt_controller_ros2/pan_tilt_driver) by extension 'ignore_ament_install'
[0.335s] Level 1:colcon.colcon_core.package_identification:_identify(src/iqr_pan_tilt_controller_ros2/pan_tilt_driver) by extensions ['colcon_pkg']
[0.335s] Level 1:colcon.colcon_core.package_identification:_identify(src/iqr_pan_tilt_controller_ros2/pan_tilt_driver) by extension 'colcon_pkg'
[0.335s] Level 1:colcon.colcon_core.package_identification:_identify(src/iqr_pan_tilt_controller_ros2/pan_tilt_driver) by extensions ['colcon_meta']
[0.335s] Level 1:colcon.colcon_core.package_identification:_identify(src/iqr_pan_tilt_controller_ros2/pan_tilt_driver) by extension 'colcon_meta'
[0.335s] Level 1:colcon.colcon_core.package_identification:_identify(src/iqr_pan_tilt_controller_ros2/pan_tilt_driver) by extensions ['ros']
[0.335s] Level 1:colcon.colcon_core.package_identification:_identify(src/iqr_pan_tilt_controller_ros2/pan_tilt_driver) by extension 'ros'
[0.336s] DEBUG:colcon.colcon_core.package_identification:Package 'src/iqr_pan_tilt_controller_ros2/pan_tilt_driver' with type 'ros.ament_cmake' and name 'pan_tilt_driver'
[0.336s] Level 1:colcon.colcon_core.package_identification:_identify(src/iqr_pan_tilt_controller_ros2/pan_tilt_msgs) by extensions ['ignore', 'ignore_ament_install']
[0.336s] Level 1:colcon.colcon_core.package_identification:_identify(src/iqr_pan_tilt_controller_ros2/pan_tilt_msgs) by extension 'ignore'
[0.336s] Level 1:colcon.colcon_core.package_identification:_identify(src/iqr_pan_tilt_controller_ros2/pan_tilt_msgs) by extension 'ignore_ament_install'
[0.336s] Level 1:colcon.colcon_core.package_identification:_identify(src/iqr_pan_tilt_controller_ros2/pan_tilt_msgs) by extensions ['colcon_pkg']
[0.336s] Level 1:colcon.colcon_core.package_identification:_identify(src/iqr_pan_tilt_controller_ros2/pan_tilt_msgs) by extension 'colcon_pkg'
[0.336s] Level 1:colcon.colcon_core.package_identification:_identify(src/iqr_pan_tilt_controller_ros2/pan_tilt_msgs) by extensions ['colcon_meta']
[0.336s] Level 1:colcon.colcon_core.package_identification:_identify(src/iqr_pan_tilt_controller_ros2/pan_tilt_msgs) by extension 'colcon_meta'
[0.336s] Level 1:colcon.colcon_core.package_identification:_identify(src/iqr_pan_tilt_controller_ros2/pan_tilt_msgs) by extensions ['ros']
[0.336s] Level 1:colcon.colcon_core.package_identification:_identify(src/iqr_pan_tilt_controller_ros2/pan_tilt_msgs) by extension 'ros'
[0.337s] DEBUG:colcon.colcon_core.package_identification:Package 'src/iqr_pan_tilt_controller_ros2/pan_tilt_msgs' with type 'ros.ament_cmake' and name 'pan_tilt_msgs'
[0.337s] Level 1:colcon.colcon_core.package_discovery:discover_packages(recursive) using defaults
[0.337s] Level 1:colcon.colcon_core.package_discovery:discover_packages(ignore) discover
[0.337s] Level 1:colcon.colcon_core.package_discovery:discover_packages(ignore) using defaults
[0.337s] Level 1:colcon.colcon_core.package_discovery:discover_packages(path) discover
[0.337s] Level 1:colcon.colcon_core.package_discovery:discover_packages(path) using defaults
[0.360s] Level 1:colcon.colcon_core.package_discovery:discover_packages(prefix_path) check parameters
[0.360s] Level 1:colcon.colcon_core.package_discovery:discover_packages(prefix_path) discover
[0.363s] DEBUG:colcon.colcon_installed_package_information.package_discovery:Found 299 installed packages in /opt/ros/humble
[0.377s] Level 1:colcon.colcon_core.package_discovery:discover_packages(prefix_path) using defaults
[0.434s] Level 5:colcon.colcon_core.verb:set package 'biped_descriptions' build argument 'cmake_args' from command line to 'None'
[0.434s] Level 5:colcon.colcon_core.verb:set package 'biped_descriptions' build argument 'cmake_target' from command line to 'None'
[0.434s] Level 5:colcon.colcon_core.verb:set package 'biped_descriptions' build argument 'cmake_target_skip_unavailable' from command line to 'False'
[0.434s] Level 5:colcon.colcon_core.verb:set package 'biped_descriptions' build argument 'cmake_clean_cache' from command line to 'False'
[0.435s] Level 5:colcon.colcon_core.verb:set package 'biped_descriptions' build argument 'cmake_clean_first' from command line to 'False'
[0.435s] Level 5:colcon.colcon_core.verb:set package 'biped_descriptions' build argument 'cmake_force_configure' from command line to 'False'
[0.435s] Level 5:colcon.colcon_core.verb:set package 'biped_descriptions' build argument 'ament_cmake_args' from command line to 'None'
[0.435s] Level 5:colcon.colcon_core.verb:set package 'biped_descriptions' build argument 'catkin_cmake_args' from command line to 'None'
[0.435s] Level 5:colcon.colcon_core.verb:set package 'biped_descriptions' build argument 'catkin_skip_building_tests' from command line to 'False'
[0.435s] DEBUG:colcon.colcon_core.verb:Building package 'biped_descriptions' with the following arguments: {'ament_cmake_args': None, 'build_base': '/home/ubuntu/ROS_BAP/WORKSPACES_PERSO/ros2_ws_stage/DuckSimROS2/build/biped_descriptions', 'catkin_cmake_args': None, 'catkin_skip_building_tests': False, 'cmake_args': None, 'cmake_clean_cache': False, 'cmake_clean_first': False, 'cmake_force_configure': False, 'cmake_target': None, 'cmake_target_skip_unavailable': False, 'install_base': '/home/ubuntu/ROS_BAP/WORKSPACES_PERSO/ros2_ws_stage/DuckSimROS2/install/biped_descriptions', 'merge_install': False, 'path': '/home/ubuntu/ROS_BAP/WORKSPACES_PERSO/ros2_ws_stage/DuckSimROS2/src/biped_descriptions', 'symlink_install': True, 'test_result_base': None}
[0.436s] Level 5:colcon.colcon_core.verb:set package 'biped_gazebo_worlds' build argument 'cmake_args' from command line to 'None'
[0.436s] Level 5:colcon.colcon_core.verb:set package 'biped_gazebo_worlds' build argument 'cmake_target' from command line to 'None'
[0.436s] Level 5:colcon.colcon_core.verb:set package 'biped_gazebo_worlds' build argument 'cmake_target_skip_unavailable' from command line to 'False'
[0.436s] Level 5:colcon.colcon_core.verb:set package 'biped_gazebo_worlds' build argument 'cmake_clean_cache' from command line to 'False'
[0.436s] Level 5:colcon.colcon_core.verb:set package 'biped_gazebo_worlds' build argument 'cmake_clean_first' from command line to 'False'
[0.436s] Level 5:colcon.colcon_core.verb:set package 'biped_gazebo_worlds' build argument 'cmake_force_configure' from command line to 'False'
[0.436s] Level 5:colcon.colcon_core.verb:set package 'biped_gazebo_worlds' build argument 'ament_cmake_args' from command line to 'None'
[0.436s] Level 5:colcon.colcon_core.verb:set package 'biped_gazebo_worlds' build argument 'catkin_cmake_args' from command line to 'None'
[0.436s] Level 5:colcon.colcon_core.verb:set package 'biped_gazebo_worlds' build argument 'catkin_skip_building_tests' from command line to 'False'
[0.437s] DEBUG:colcon.colcon_core.verb:Building package 'biped_gazebo_worlds' with the following arguments: {'ament_cmake_args': None, 'build_base': '/home/ubuntu/ROS_BAP/WORKSPACES_PERSO/ros2_ws_stage/DuckSimROS2/build/biped_gazebo_worlds', 'catkin_cmake_args': None, 'catkin_skip_building_tests': False, 'cmake_args': None, 'cmake_clean_cache': False, 'cmake_clean_first': False, 'cmake_force_configure': False, 'cmake_target': None, 'cmake_target_skip_unavailable': False, 'install_base': '/home/ubuntu/ROS_BAP/WORKSPACES_PERSO/ros2_ws_stage/DuckSimROS2/install/biped_gazebo_worlds', 'merge_install': False, 'path': '/home/ubuntu/ROS_BAP/WORKSPACES_PERSO/ros2_ws_stage/DuckSimROS2/src/biped_gazebo_worlds', 'symlink_install': True, 'test_result_base': None}
[0.437s] Level 5:colcon.colcon_core.verb:set package 'pan_tilt_bringup' build argument 'cmake_args' from command line to 'None'
[0.437s] Level 5:colcon.colcon_core.verb:set package 'pan_tilt_bringup' build argument 'cmake_target' from command line to 'None'
[0.438s] Level 5:colcon.colcon_core.verb:set package 'pan_tilt_bringup' build argument 'cmake_target_skip_unavailable' from command line to 'False'
[0.438s] Level 5:colcon.colcon_core.verb:set package 'pan_tilt_bringup' build argument 'cmake_clean_cache' from command line to 'False'
[0.438s] Level 5:colcon.colcon_core.verb:set package 'pan_tilt_bringup' build argument 'cmake_clean_first' from command line to 'False'
[0.438s] Level 5:colcon.colcon_core.verb:set package 'pan_tilt_bringup' build argument 'cmake_force_configure' from command line to 'False'
[0.438s] Level 5:colcon.colcon_core.verb:set package 'pan_tilt_bringup' build argument 'ament_cmake_args' from command line to 'None'
[0.438s] Level 5:colcon.colcon_core.verb:set package 'pan_tilt_bringup' build argument 'catkin_cmake_args' from command line to 'None'
[0.438s] Level 5:colcon.colcon_core.verb:set package 'pan_tilt_bringup' build argument 'catkin_skip_building_tests' from command line to 'False'
[0.438s] DEBUG:colcon.colcon_core.verb:Building package 'pan_tilt_bringup' with the following arguments: {'ament_cmake_args': None, 'build_base': '/home/ubuntu/ROS_BAP/WORKSPACES_PERSO/ros2_ws_stage/DuckSimROS2/build/pan_tilt_bringup', 'catkin_cmake_args': None, 'catkin_skip_building_tests': False, 'cmake_args': None, 'cmake_clean_cache': False, 'cmake_clean_first': False, 'cmake_force_configure': False, 'cmake_target': None, 'cmake_target_skip_unavailable': False, 'install_base': '/home/ubuntu/ROS_BAP/WORKSPACES_PERSO/ros2_ws_stage/DuckSimROS2/install/pan_tilt_bringup', 'merge_install': False, 'path': '/home/ubuntu/ROS_BAP/WORKSPACES_PERSO/ros2_ws_stage/DuckSimROS2/src/iqr_pan_tilt_controller_ros2/pan_tilt_bringup', 'symlink_install': True, 'test_result_base': None}
[0.439s] Level 5:colcon.colcon_core.verb:set package 'pan_tilt_description' build argument 'cmake_args' from command line to 'None'
[0.439s] Level 5:colcon.colcon_core.verb:set package 'pan_tilt_description' build argument 'cmake_target' from command line to 'None'
[0.439s] Level 5:colcon.colcon_core.verb:set package 'pan_tilt_description' build argument 'cmake_target_skip_unavailable' from command line to 'False'
[0.439s] Level 5:colcon.colcon_core.verb:set package 'pan_tilt_description' build argument 'cmake_clean_cache' from command line to 'False'
[0.439s] Level 5:colcon.colcon_core.verb:set package 'pan_tilt_description' build argument 'cmake_clean_first' from command line to 'False'
[0.439s] Level 5:colcon.colcon_core.verb:set package 'pan_tilt_description' build argument 'cmake_force_configure' from command line to 'False'
[0.439s] Level 5:colcon.colcon_core.verb:set package 'pan_tilt_description' build argument 'ament_cmake_args' from command line to 'None'
[0.439s] Level 5:colcon.colcon_core.verb:set package 'pan_tilt_description' build argument 'catkin_cmake_args' from command line to 'None'
[0.439s] Level 5:colcon.colcon_core.verb:set package 'pan_tilt_description' build argument 'catkin_skip_building_tests' from command line to 'False'
[0.439s] DEBUG:colcon.colcon_core.verb:Building package 'pan_tilt_description' with the following arguments: {'ament_cmake_args': None, 'build_base': '/home/ubuntu/ROS_BAP/WORKSPACES_PERSO/ros2_ws_stage/DuckSimROS2/build/pan_tilt_description', 'catkin_cmake_args': None, 'catkin_skip_building_tests': False, 'cmake_args': None, 'cmake_clean_cache': False, 'cmake_clean_first': False, 'cmake_force_configure': False, 'cmake_target': None, 'cmake_target_skip_unavailable': False, 'install_base': '/home/ubuntu/ROS_BAP/WORKSPACES_PERSO/ros2_ws_stage/DuckSimROS2/install/pan_tilt_description', 'merge_install': False, 'path': '/home/ubuntu/ROS_BAP/WORKSPACES_PERSO/ros2_ws_stage/DuckSimROS2/src/iqr_pan_tilt_controller_ros2/pan_tilt_description', 'symlink_install': True, 'test_result_base': None}
[0.440s] Level 5:colcon.colcon_core.verb:set package 'pan_tilt_msgs' build argument 'cmake_args' from command line to 'None'
[0.440s] Level 5:colcon.colcon_core.verb:set package 'pan_tilt_msgs' build argument 'cmake_target' from command line to 'None'
[0.440s] Level 5:colcon.colcon_core.verb:set package 'pan_tilt_msgs' build argument 'cmake_target_skip_unavailable' from command line to 'False'
[0.441s] Level 5:colcon.colcon_core.verb:set package 'pan_tilt_msgs' build argument 'cmake_clean_cache' from command line to 'False'
[0.441s] Level 5:colcon.colcon_core.verb:set package 'pan_tilt_msgs' build argument 'cmake_clean_first' from command line to 'False'
[0.441s] Level 5:colcon.colcon_core.verb:set package 'pan_tilt_msgs' build argument 'cmake_force_configure' from command line to 'False'
[0.441s] Level 5:colcon.colcon_core.verb:set package 'pan_tilt_msgs' build argument 'ament_cmake_args' from command line to 'None'
[0.441s] Level 5:colcon.colcon_core.verb:set package 'pan_tilt_msgs' build argument 'catkin_cmake_args' from command line to 'None'
[0.441s] Level 5:colcon.colcon_core.verb:set package 'pan_tilt_msgs' build argument 'catkin_skip_building_tests' from command line to 'False'
[0.441s] DEBUG:colcon.colcon_core.verb:Building package 'pan_tilt_msgs' with the following arguments: {'ament_cmake_args': None, 'build_base': '/home/ubuntu/ROS_BAP/WORKSPACES_PERSO/ros2_ws_stage/DuckSimROS2/build/pan_tilt_msgs', 'catkin_cmake_args': None, 'catkin_skip_building_tests': False, 'cmake_args': None, 'cmake_clean_cache': False, 'cmake_clean_first': False, 'cmake_force_configure': False, 'cmake_target': None, 'cmake_target_skip_unavailable': False, 'install_base': '/home/ubuntu/ROS_BAP/WORKSPACES_PERSO/ros2_ws_stage/DuckSimROS2/install/pan_tilt_msgs', 'merge_install': False, 'path': '/home/ubuntu/ROS_BAP/WORKSPACES_PERSO/ros2_ws_stage/DuckSimROS2/src/iqr_pan_tilt_controller_ros2/pan_tilt_msgs', 'symlink_install': True, 'test_result_base': None}
[0.442s] Level 5:colcon.colcon_core.verb:set package 'pan_tilt_controller' build argument 'cmake_args' from command line to 'None'
[0.442s] Level 5:colcon.colcon_core.verb:set package 'pan_tilt_controller' build argument 'cmake_target' from command line to 'None'
[0.442s] Level 5:colcon.colcon_core.verb:set package 'pan_tilt_controller' build argument 'cmake_target_skip_unavailable' from command line to 'False'
[0.442s] Level 5:colcon.colcon_core.verb:set package 'pan_tilt_controller' build argument 'cmake_clean_cache' from command line to 'False'
[0.442s] Level 5:colcon.colcon_core.verb:set package 'pan_tilt_controller' build argument 'cmake_clean_first' from command line to 'False'
[0.442s] Level 5:colcon.colcon_core.verb:set package 'pan_tilt_controller' build argument 'cmake_force_configure' from command line to 'False'
[0.442s] Level 5:colcon.colcon_core.verb:set package 'pan_tilt_controller' build argument 'ament_cmake_args' from command line to 'None'
[0.442s] Level 5:colcon.colcon_core.verb:set package 'pan_tilt_controller' build argument 'catkin_cmake_args' from command line to 'None'
[0.442s] Level 5:colcon.colcon_core.verb:set package 'pan_tilt_controller' build argument 'catkin_skip_building_tests' from command line to 'False'
[0.442s] DEBUG:colcon.colcon_core.verb:Building package 'pan_tilt_controller' with the following arguments: {'ament_cmake_args': None, 'build_base': '/home/ubuntu/ROS_BAP/WORKSPACES_PERSO/ros2_ws_stage/DuckSimROS2/build/pan_tilt_controller', 'catkin_cmake_args': None, 'catkin_skip_building_tests': False, 'cmake_args': None, 'cmake_clean_cache': False, 'cmake_clean_first': False, 'cmake_force_configure': False, 'cmake_target': None, 'cmake_target_skip_unavailable': False, 'install_base': '/home/ubuntu/ROS_BAP/WORKSPACES_PERSO/ros2_ws_stage/DuckSimROS2/install/pan_tilt_controller', 'merge_install': False, 'path': '/home/ubuntu/ROS_BAP/WORKSPACES_PERSO/ros2_ws_stage/DuckSimROS2/src/iqr_pan_tilt_controller_ros2/pan_tilt_controller', 'symlink_install': True, 'test_result_base': None}
[0.443s] Level 5:colcon.colcon_core.verb:set package 'pan_tilt_driver' build argument 'cmake_args' from command line to 'None'
[0.443s] Level 5:colcon.colcon_core.verb:set package 'pan_tilt_driver' build argument 'cmake_target' from command line to 'None'
[0.443s] Level 5:colcon.colcon_core.verb:set package 'pan_tilt_driver' build argument 'cmake_target_skip_unavailable' from command line to 'False'
[0.443s] Level 5:colcon.colcon_core.verb:set package 'pan_tilt_driver' build argument 'cmake_clean_cache' from command line to 'False'
[0.443s] Level 5:colcon.colcon_core.verb:set package 'pan_tilt_driver' build argument 'cmake_clean_first' from command line to 'False'
[0.444s] Level 5:colcon.colcon_core.verb:set package 'pan_tilt_driver' build argument 'cmake_force_configure' from command line to 'False'
[0.444s] Level 5:colcon.colcon_core.verb:set package 'pan_tilt_driver' build argument 'ament_cmake_args' from command line to 'None'
[0.444s] Level 5:colcon.colcon_core.verb:set package 'pan_tilt_driver' build argument 'catkin_cmake_args' from command line to 'None'
[0.444s] Level 5:colcon.colcon_core.verb:set package 'pan_tilt_driver' build argument 'catkin_skip_building_tests' from command line to 'False'
[0.444s] DEBUG:colcon.colcon_core.verb:Building package 'pan_tilt_driver' with the following arguments: {'ament_cmake_args': None, 'build_base': '/home/ubuntu/ROS_BAP/WORKSPACES_PERSO/ros2_ws_stage/DuckSimROS2/build/pan_tilt_driver', 'catkin_cmake_args': None, 'catkin_skip_building_tests': False, 'cmake_args': None, 'cmake_clean_cache': False, 'cmake_clean_first': False, 'cmake_force_configure': False, 'cmake_target': None, 'cmake_target_skip_unavailable': False, 'install_base': '/home/ubuntu/ROS_BAP/WORKSPACES_PERSO/ros2_ws_stage/DuckSimROS2/install/pan_tilt_driver', 'merge_install': False, 'path': '/home/ubuntu/ROS_BAP/WORKSPACES_PERSO/ros2_ws_stage/DuckSimROS2/src/iqr_pan_tilt_controller_ros2/pan_tilt_driver', 'symlink_install': True, 'test_result_base': None}
[0.444s] INFO:colcon.colcon_core.executor:Executing jobs using 'parallel' executor
[0.446s] DEBUG:colcon.colcon_parallel_executor.executor.parallel:run_until_complete
[0.447s] INFO:colcon.colcon_ros.task.ament_cmake.build:Building ROS package in '/home/ubuntu/ROS_BAP/WORKSPACES_PERSO/ros2_ws_stage/DuckSimROS2/src/iqr_pan_tilt_controller_ros2/pan_tilt_msgs' with build type 'ament_cmake'
[0.447s] INFO:colcon.colcon_cmake.task.cmake.build:Building CMake package in '/home/ubuntu/ROS_BAP/WORKSPACES_PERSO/ros2_ws_stage/DuckSimROS2/src/iqr_pan_tilt_controller_ros2/pan_tilt_msgs'
[0.453s] INFO:colcon.colcon_core.plugin_system:Skipping extension 'colcon_core.shell.bat': Not used on non-Windows systems
[0.453s] INFO:colcon.colcon_core.shell:Skip shell extension 'powershell' for command environment: Not usable outside of PowerShell
[0.453s] DEBUG:colcon.colcon_core.shell:Skip shell extension 'dsv' for command environment
[0.461s] INFO:colcon.colcon_ros.task.ament_cmake.build:Building ROS package in '/home/ubuntu/ROS_BAP/WORKSPACES_PERSO/ros2_ws_stage/DuckSimROS2/src/biped_descriptions' with build type 'ament_cmake'
[0.462s] INFO:colcon.colcon_cmake.task.cmake.build:Building CMake package in '/home/ubuntu/ROS_BAP/WORKSPACES_PERSO/ros2_ws_stage/DuckSimROS2/src/biped_descriptions'
[0.462s] INFO:colcon.colcon_core.shell:Skip shell extension 'powershell' for command environment: Not usable outside of PowerShell
[0.462s] DEBUG:colcon.colcon_core.shell:Skip shell extension 'dsv' for command environment
[0.489s] DEBUG:colcon.colcon_core.event_handler.log_command:Invoking command in '/home/ubuntu/ROS_BAP/WORKSPACES_PERSO/ros2_ws_stage/DuckSimROS2/build/pan_tilt_msgs': CMAKE_PREFIX_PATH=/opt/ros/humble /usr/bin/cmake /home/ubuntu/ROS_BAP/WORKSPACES_PERSO/ros2_ws_stage/DuckSimROS2/src/iqr_pan_tilt_controller_ros2/pan_tilt_msgs -DAMENT_CMAKE_SYMLINK_INSTALL=1 -DCMAKE_INSTALL_PREFIX=/home/ubuntu/ROS_BAP/WORKSPACES_PERSO/ros2_ws_stage/DuckSimROS2/install/pan_tilt_msgs
[0.527s] DEBUG:colcon.colcon_core.event_handler.log_command:Invoking command in '/home/ubuntu/ROS_BAP/WORKSPACES_PERSO/ros2_ws_stage/DuckSimROS2/build/biped_descriptions': CMAKE_PREFIX_PATH=/opt/ros/humble /usr/bin/cmake /home/ubuntu/ROS_BAP/WORKSPACES_PERSO/ros2_ws_stage/DuckSimROS2/src/biped_descriptions -DAMENT_CMAKE_SYMLINK_INSTALL=1 -DCMAKE_INSTALL_PREFIX=/home/ubuntu/ROS_BAP/WORKSPACES_PERSO/ros2_ws_stage/DuckSimROS2/install/biped_descriptions
[0.977s] DEBUG:colcon.colcon_core.event_handler.log_command:Invoked command in '/home/ubuntu/ROS_BAP/WORKSPACES_PERSO/ros2_ws_stage/DuckSimROS2/build/biped_descriptions' returned '0': CMAKE_PREFIX_PATH=/opt/ros/humble /usr/bin/cmake /home/ubuntu/ROS_BAP/WORKSPACES_PERSO/ros2_ws_stage/DuckSimROS2/src/biped_descriptions -DAMENT_CMAKE_SYMLINK_INSTALL=1 -DCMAKE_INSTALL_PREFIX=/home/ubuntu/ROS_BAP/WORKSPACES_PERSO/ros2_ws_stage/DuckSimROS2/install/biped_descriptions
[0.978s] DEBUG:colcon.colcon_core.event_handler.log_command:Invoking command in '/home/ubuntu/ROS_BAP/WORKSPACES_PERSO/ros2_ws_stage/DuckSimROS2/build/biped_descriptions': CMAKE_PREFIX_PATH=/opt/ros/humble /usr/bin/cmake --build /home/ubuntu/ROS_BAP/WORKSPACES_PERSO/ros2_ws_stage/DuckSimROS2/build/biped_descriptions -- -j2 -l2
[1.039s] DEBUG:colcon.colcon_core.event_handler.log_command:Invoked command in '/home/ubuntu/ROS_BAP/WORKSPACES_PERSO/ros2_ws_stage/DuckSimROS2/build/biped_descriptions' returned '0': CMAKE_PREFIX_PATH=/opt/ros/humble /usr/bin/cmake --build /home/ubuntu/ROS_BAP/WORKSPACES_PERSO/ros2_ws_stage/DuckSimROS2/build/biped_descriptions -- -j2 -l2
[1.089s] DEBUG:colcon.colcon_core.event_handler.log_command:Invoking command in '/home/ubuntu/ROS_BAP/WORKSPACES_PERSO/ros2_ws_stage/DuckSimROS2/build/biped_descriptions': CMAKE_PREFIX_PATH=/opt/ros/humble /usr/bin/cmake --install /home/ubuntu/ROS_BAP/WORKSPACES_PERSO/ros2_ws_stage/DuckSimROS2/build/biped_descriptions
[1.113s] DEBUG:colcon.colcon_core.event_handler.log_command:Invoked command in '/home/ubuntu/ROS_BAP/WORKSPACES_PERSO/ros2_ws_stage/DuckSimROS2/build/biped_descriptions' returned '1': CMAKE_PREFIX_PATH=/opt/ros/humble /usr/bin/cmake --install /home/ubuntu/ROS_BAP/WORKSPACES_PERSO/ros2_ws_stage/DuckSimROS2/build/biped_descriptions
[1.158s] Level 1:colcon.colcon_core.environment:create_environment_scripts_only(biped_descriptions)
[1.162s] Level 1:colcon.colcon_core.environment:checking '/home/ubuntu/ROS_BAP/WORKSPACES_PERSO/ros2_ws_stage/DuckSimROS2/install/biped_descriptions' for CMake module files
[1.162s] Level 1:colcon.colcon_core.environment:checking '/home/ubuntu/ROS_BAP/WORKSPACES_PERSO/ros2_ws_stage/DuckSimROS2/install/biped_descriptions' for CMake config files
[1.163s] Level 1:colcon.colcon_core.environment:checking '/home/ubuntu/ROS_BAP/WORKSPACES_PERSO/ros2_ws_stage/DuckSimROS2/install/biped_descriptions/bin'
[1.163s] Level 1:colcon.colcon_core.environment:checking '/home/ubuntu/ROS_BAP/WORKSPACES_PERSO/ros2_ws_stage/DuckSimROS2/install/biped_descriptions/lib/pkgconfig/biped_descriptions.pc'
[1.163s] Level 1:colcon.colcon_core.environment:checking '/home/ubuntu/ROS_BAP/WORKSPACES_PERSO/ros2_ws_stage/DuckSimROS2/install/biped_descriptions/lib/python3.10/site-packages'
[1.164s] Level 1:colcon.colcon_core.environment:checking '/home/ubuntu/ROS_BAP/WORKSPACES_PERSO/ros2_ws_stage/DuckSimROS2/install/biped_descriptions/bin'
[1.165s] INFO:colcon.colcon_core.shell:Creating package script '/home/ubuntu/ROS_BAP/WORKSPACES_PERSO/ros2_ws_stage/DuckSimROS2/install/biped_descriptions/share/biped_descriptions/package.ps1'
[1.166s] INFO:colcon.colcon_core.shell:Creating package descriptor '/home/ubuntu/ROS_BAP/WORKSPACES_PERSO/ros2_ws_stage/DuckSimROS2/install/biped_descriptions/share/biped_descriptions/package.dsv'
[1.167s] INFO:colcon.colcon_core.shell:Creating package script '/home/ubuntu/ROS_BAP/WORKSPACES_PERSO/ros2_ws_stage/DuckSimROS2/install/biped_descriptions/share/biped_descriptions/package.sh'
[1.169s] INFO:colcon.colcon_core.shell:Creating package script '/home/ubuntu/ROS_BAP/WORKSPACES_PERSO/ros2_ws_stage/DuckSimROS2/install/biped_descriptions/share/biped_descriptions/package.bash'
[1.171s] INFO:colcon.colcon_core.shell:Creating package script '/home/ubuntu/ROS_BAP/WORKSPACES_PERSO/ros2_ws_stage/DuckSimROS2/install/biped_descriptions/share/biped_descriptions/package.zsh'
[1.172s] Level 1:colcon.colcon_core.environment:create_file_with_runtime_dependencies(/home/ubuntu/ROS_BAP/WORKSPACES_PERSO/ros2_ws_stage/DuckSimROS2/install/biped_descriptions/share/colcon-core/packages/biped_descriptions)
[2.904s] DEBUG:colcon.colcon_parallel_executor.executor.parallel:closing loop
[2.904s] DEBUG:colcon.colcon_parallel_executor.executor.parallel:loop closed
[2.905s] DEBUG:colcon.colcon_parallel_executor.executor.parallel:run_until_complete finished with '1'
[2.905s] DEBUG:colcon.colcon_core.event_reactor:joining thread
[2.919s] INFO:colcon.colcon_core.plugin_system:Skipping extension 'colcon_notification.desktop_notification.terminal_notifier': Not used on non-Darwin systems
[2.919s] INFO:colcon.colcon_core.plugin_system:Skipping extension 'colcon_notification.desktop_notification.win32': Not used on non-Windows systems
[2.919s] INFO:colcon.colcon_notification.desktop_notification:Sending desktop notification using 'notify2'
[2.976s] DEBUG:colcon.colcon_core.event_reactor:joined thread
[2.977s] INFO:colcon.colcon_core.shell:Creating prefix script '/home/ubuntu/ROS_BAP/WORKSPACES_PERSO/ros2_ws_stage/DuckSimROS2/install/local_setup.ps1'
[2.981s] INFO:colcon.colcon_core.shell:Creating prefix util module '/home/ubuntu/ROS_BAP/WORKSPACES_PERSO/ros2_ws_stage/DuckSimROS2/install/_local_setup_util_ps1.py'
[2.987s] INFO:colcon.colcon_core.shell:Creating prefix chain script '/home/ubuntu/ROS_BAP/WORKSPACES_PERSO/ros2_ws_stage/DuckSimROS2/install/setup.ps1'
[2.991s] INFO:colcon.colcon_core.shell:Creating prefix script '/home/ubuntu/ROS_BAP/WORKSPACES_PERSO/ros2_ws_stage/DuckSimROS2/install/local_setup.sh'
[2.994s] INFO:colcon.colcon_core.shell:Creating prefix util module '/home/ubuntu/ROS_BAP/WORKSPACES_PERSO/ros2_ws_stage/DuckSimROS2/install/_local_setup_util_sh.py'
[2.996s] INFO:colcon.colcon_core.shell:Creating prefix chain script '/home/ubuntu/ROS_BAP/WORKSPACES_PERSO/ros2_ws_stage/DuckSimROS2/install/setup.sh'
[3.000s] INFO:colcon.colcon_core.shell:Creating prefix script '/home/ubuntu/ROS_BAP/WORKSPACES_PERSO/ros2_ws_stage/DuckSimROS2/install/local_setup.bash'
[3.002s] INFO:colcon.colcon_core.shell:Creating prefix chain script '/home/ubuntu/ROS_BAP/WORKSPACES_PERSO/ros2_ws_stage/DuckSimROS2/install/setup.bash'
[3.006s] INFO:colcon.colcon_core.shell:Creating prefix script '/home/ubuntu/ROS_BAP/WORKSPACES_PERSO/ros2_ws_stage/DuckSimROS2/install/local_setup.zsh'
[3.009s] INFO:colcon.colcon_core.shell:Creating prefix chain script '/home/ubuntu/ROS_BAP/WORKSPACES_PERSO/ros2_ws_stage/DuckSimROS2/install/setup.zsh'
