[3.560s] DEBUG:colcon:Command line arguments: ['/usr/bin/colcon', 'build', '--symlink-install']
[3.560s] DEBUG:colcon:Parsed command line arguments: Namespace(log_base=None, log_level=None, verb_name='build', build_base='build', install_base='install', merge_install=False, symlink_install=True, test_result_base=None, continue_on_error=False, executor='parallel', parallel_workers=2, event_handlers=None, ignore_user_meta=False, metas=['./colcon.meta'], base_paths=['.'], packages_ignore=None, packages_ignore_regex=None, paths=None, packages_up_to=None, packages_up_to_regex=None, packages_above=None, packages_above_and_dependencies=None, packages_above_depth=None, packages_select_by_dep=None, packages_skip_by_dep=None, packages_skip_up_to=None, packages_select_build_failed=False, packages_skip_build_finished=False, packages_select_test_failures=False, packages_skip_test_passed=False, packages_select=None, packages_skip=None, packages_select_regex=None, packages_skip_regex=None, packages_start=None, packages_end=None, allow_overriding=[], cmake_args=None, cmake_target=None, cmake_target_skip_unavailable=False, cmake_clean_cache=False, cmake_clean_first=False, cmake_force_configure=False, ament_cmake_args=None, catkin_cmake_args=None, catkin_skip_building_tests=False, verb_parser=<colcon_defaults.argument_parser.defaults.DefaultArgumentsDecorator object at 0x707a876079a0>, verb_extension=<colcon_core.verb.build.BuildVerb object at 0x707a87607550>, main=<bound method BuildVerb.main of <colcon_core.verb.build.BuildVerb object at 0x707a87607550>>)
[7.489s] Level 1:colcon.colcon_core.package_discovery:discover_packages(colcon_meta) check parameters
[7.490s] Level 1:colcon.colcon_core.package_discovery:discover_packages(recursive) check parameters
[7.490s] Level 1:colcon.colcon_core.package_discovery:discover_packages(ignore) check parameters
[7.490s] Level 1:colcon.colcon_core.package_discovery:discover_packages(path) check parameters
[7.490s] Level 1:colcon.colcon_core.package_discovery:discover_packages(colcon_meta) discover
[7.490s] Level 1:colcon.colcon_core.package_discovery:discover_packages(recursive) discover
[7.491s] INFO:colcon.colcon_core.package_discovery:Crawling recursively for packages in '/home/ubuntu/ROS_BAP/WORKSPACES_PERSO/ros2_ws_stage/ws_robotBipede'
[7.491s] Level 1:colcon.colcon_core.package_identification:_identify(.) by extensions ['ignore', 'ignore_ament_install']
[7.491s] Level 1:colcon.colcon_core.package_identification:_identify(.) by extension 'ignore'
[7.492s] Level 1:colcon.colcon_core.package_identification:_identify(.) by extension 'ignore_ament_install'
[7.492s] Level 1:colcon.colcon_core.package_identification:_identify(.) by extensions ['colcon_pkg']
[7.492s] Level 1:colcon.colcon_core.package_identification:_identify(.) by extension 'colcon_pkg'
[7.492s] Level 1:colcon.colcon_core.package_identification:_identify(.) by extensions ['colcon_meta']
[7.492s] Level 1:colcon.colcon_core.package_identification:_identify(.) by extension 'colcon_meta'
[7.492s] Level 1:colcon.colcon_core.package_identification:_identify(.) by extensions ['ros']
[7.492s] Level 1:colcon.colcon_core.package_identification:_identify(.) by extension 'ros'
[7.681s] Level 1:colcon.colcon_core.package_identification:_identify(.) by extensions ['cmake', 'python']
[7.681s] Level 1:colcon.colcon_core.package_identification:_identify(.) by extension 'cmake'
[7.681s] Level 1:colcon.colcon_core.package_identification:_identify(.) by extension 'python'
[7.681s] Level 1:colcon.colcon_core.package_identification:_identify(.) by extensions ['python_setup_py']
[7.681s] Level 1:colcon.colcon_core.package_identification:_identify(.) by extension 'python_setup_py'
[7.682s] Level 1:colcon.colcon_core.package_identification:_identify(build) by extensions ['ignore', 'ignore_ament_install']
[7.682s] Level 1:colcon.colcon_core.package_identification:_identify(build) by extension 'ignore'
[7.682s] Level 1:colcon.colcon_core.package_identification:_identify(build) ignored
[7.682s] Level 1:colcon.colcon_core.package_identification:_identify(install) by extensions ['ignore', 'ignore_ament_install']
[7.682s] Level 1:colcon.colcon_core.package_identification:_identify(install) by extension 'ignore'
[7.683s] Level 1:colcon.colcon_core.package_identification:_identify(install) ignored
[7.683s] Level 1:colcon.colcon_core.package_identification:_identify(log) by extensions ['ignore', 'ignore_ament_install']
[7.683s] Level 1:colcon.colcon_core.package_identification:_identify(log) by extension 'ignore'
[7.683s] Level 1:colcon.colcon_core.package_identification:_identify(log) ignored
[7.683s] Level 1:colcon.colcon_core.package_identification:_identify(src) by extensions ['ignore', 'ignore_ament_install']
[7.683s] Level 1:colcon.colcon_core.package_identification:_identify(src) by extension 'ignore'
[7.684s] Level 1:colcon.colcon_core.package_identification:_identify(src) by extension 'ignore_ament_install'
[7.684s] Level 1:colcon.colcon_core.package_identification:_identify(src) by extensions ['colcon_pkg']
[7.684s] Level 1:colcon.colcon_core.package_identification:_identify(src) by extension 'colcon_pkg'
[7.684s] Level 1:colcon.colcon_core.package_identification:_identify(src) by extensions ['colcon_meta']
[7.684s] Level 1:colcon.colcon_core.package_identification:_identify(src) by extension 'colcon_meta'
[7.684s] Level 1:colcon.colcon_core.package_identification:_identify(src) by extensions ['ros']
[7.684s] Level 1:colcon.colcon_core.package_identification:_identify(src) by extension 'ros'
[7.684s] Level 1:colcon.colcon_core.package_identification:_identify(src) by extensions ['cmake', 'python']
[7.684s] Level 1:colcon.colcon_core.package_identification:_identify(src) by extension 'cmake'
[7.685s] Level 1:colcon.colcon_core.package_identification:_identify(src) by extension 'python'
[7.687s] Level 1:colcon.colcon_core.package_identification:_identify(src) by extensions ['python_setup_py']
[7.687s] Level 1:colcon.colcon_core.package_identification:_identify(src) by extension 'python_setup_py'
[7.687s] Level 1:colcon.colcon_core.package_identification:_identify(src/biped_gazebo_worlds) by extensions ['ignore', 'ignore_ament_install']
[7.687s] Level 1:colcon.colcon_core.package_identification:_identify(src/biped_gazebo_worlds) by extension 'ignore'
[7.687s] Level 1:colcon.colcon_core.package_identification:_identify(src/biped_gazebo_worlds) by extension 'ignore_ament_install'
[7.687s] Level 1:colcon.colcon_core.package_identification:_identify(src/biped_gazebo_worlds) by extensions ['colcon_pkg']
[7.687s] Level 1:colcon.colcon_core.package_identification:_identify(src/biped_gazebo_worlds) by extension 'colcon_pkg'
[7.687s] Level 1:colcon.colcon_core.package_identification:_identify(src/biped_gazebo_worlds) by extensions ['colcon_meta']
[7.688s] Level 1:colcon.colcon_core.package_identification:_identify(src/biped_gazebo_worlds) by extension 'colcon_meta'
[7.688s] Level 1:colcon.colcon_core.package_identification:_identify(src/biped_gazebo_worlds) by extensions ['ros']
[7.688s] Level 1:colcon.colcon_core.package_identification:_identify(src/biped_gazebo_worlds) by extension 'ros'
[7.764s] DEBUG:colcon.colcon_core.package_identification:Package 'src/biped_gazebo_worlds' with type 'ros.ament_cmake' and name 'biped_gazebo_worlds'
[7.764s] Level 1:colcon.colcon_core.package_identification:_identify(src/pkg2_robotBipede) by extensions ['ignore', 'ignore_ament_install']
[7.765s] Level 1:colcon.colcon_core.package_identification:_identify(src/pkg2_robotBipede) by extension 'ignore'
[7.765s] Level 1:colcon.colcon_core.package_identification:_identify(src/pkg2_robotBipede) by extension 'ignore_ament_install'
[7.765s] Level 1:colcon.colcon_core.package_identification:_identify(src/pkg2_robotBipede) by extensions ['colcon_pkg']
[7.765s] Level 1:colcon.colcon_core.package_identification:_identify(src/pkg2_robotBipede) by extension 'colcon_pkg'
[7.765s] Level 1:colcon.colcon_core.package_identification:_identify(src/pkg2_robotBipede) by extensions ['colcon_meta']
[7.766s] Level 1:colcon.colcon_core.package_identification:_identify(src/pkg2_robotBipede) by extension 'colcon_meta'
[7.766s] Level 1:colcon.colcon_core.package_identification:_identify(src/pkg2_robotBipede) by extensions ['ros']
[7.766s] Level 1:colcon.colcon_core.package_identification:_identify(src/pkg2_robotBipede) by extension 'ros'
[7.782s] DEBUG:colcon.colcon_core.package_identification:Package 'src/pkg2_robotBipede' with type 'ros.ament_cmake' and name 'pkg2_robotBipede'
[7.782s] Level 1:colcon.colcon_core.package_discovery:discover_packages(recursive) using defaults
[7.782s] Level 1:colcon.colcon_core.package_discovery:discover_packages(ignore) discover
[7.782s] Level 1:colcon.colcon_core.package_discovery:discover_packages(ignore) using defaults
[7.782s] Level 1:colcon.colcon_core.package_discovery:discover_packages(path) discover
[7.782s] Level 1:colcon.colcon_core.package_discovery:discover_packages(path) using defaults
[8.411s] Level 1:colcon.colcon_core.package_discovery:discover_packages(prefix_path) check parameters
[8.411s] Level 1:colcon.colcon_core.package_discovery:discover_packages(prefix_path) discover
[8.695s] DEBUG:colcon.colcon_installed_package_information.package_discovery:Found 2 installed packages in /home/ubuntu/ROS_BAP/WORKSPACES_PERSO/ros2_ws_stage/ws_robotBipede/install
[8.949s] DEBUG:colcon.colcon_installed_package_information.package_discovery:Found 299 installed packages in /opt/ros/humble
[8.955s] Level 1:colcon.colcon_core.package_discovery:discover_packages(prefix_path) using defaults
[13.285s] Level 5:colcon.colcon_core.verb:set package 'biped_gazebo_worlds' build argument 'cmake_args' from command line to 'None'
[13.285s] Level 5:colcon.colcon_core.verb:set package 'biped_gazebo_worlds' build argument 'cmake_target' from command line to 'None'
[13.285s] Level 5:colcon.colcon_core.verb:set package 'biped_gazebo_worlds' build argument 'cmake_target_skip_unavailable' from command line to 'False'
[13.285s] Level 5:colcon.colcon_core.verb:set package 'biped_gazebo_worlds' build argument 'cmake_clean_cache' from command line to 'False'
[13.285s] Level 5:colcon.colcon_core.verb:set package 'biped_gazebo_worlds' build argument 'cmake_clean_first' from command line to 'False'
[13.285s] Level 5:colcon.colcon_core.verb:set package 'biped_gazebo_worlds' build argument 'cmake_force_configure' from command line to 'False'
[13.285s] Level 5:colcon.colcon_core.verb:set package 'biped_gazebo_worlds' build argument 'ament_cmake_args' from command line to 'None'
[13.285s] Level 5:colcon.colcon_core.verb:set package 'biped_gazebo_worlds' build argument 'catkin_cmake_args' from command line to 'None'
[13.285s] Level 5:colcon.colcon_core.verb:set package 'biped_gazebo_worlds' build argument 'catkin_skip_building_tests' from command line to 'False'
[13.285s] DEBUG:colcon.colcon_core.verb:Building package 'biped_gazebo_worlds' with the following arguments: {'ament_cmake_args': None, 'build_base': '/home/ubuntu/ROS_BAP/WORKSPACES_PERSO/ros2_ws_stage/ws_robotBipede/build/biped_gazebo_worlds', 'catkin_cmake_args': None, 'catkin_skip_building_tests': False, 'cmake_args': None, 'cmake_clean_cache': False, 'cmake_clean_first': False, 'cmake_force_configure': False, 'cmake_target': None, 'cmake_target_skip_unavailable': False, 'install_base': '/home/ubuntu/ROS_BAP/WORKSPACES_PERSO/ros2_ws_stage/ws_robotBipede/install/biped_gazebo_worlds', 'merge_install': False, 'path': '/home/ubuntu/ROS_BAP/WORKSPACES_PERSO/ros2_ws_stage/ws_robotBipede/src/biped_gazebo_worlds', 'symlink_install': True, 'test_result_base': None}
[13.286s] Level 5:colcon.colcon_core.verb:set package 'pkg2_robotBipede' build argument 'cmake_args' from command line to 'None'
[13.286s] Level 5:colcon.colcon_core.verb:set package 'pkg2_robotBipede' build argument 'cmake_target' from command line to 'None'
[13.286s] Level 5:colcon.colcon_core.verb:set package 'pkg2_robotBipede' build argument 'cmake_target_skip_unavailable' from command line to 'False'
[13.286s] Level 5:colcon.colcon_core.verb:set package 'pkg2_robotBipede' build argument 'cmake_clean_cache' from command line to 'False'
[13.286s] Level 5:colcon.colcon_core.verb:set package 'pkg2_robotBipede' build argument 'cmake_clean_first' from command line to 'False'
[13.286s] Level 5:colcon.colcon_core.verb:set package 'pkg2_robotBipede' build argument 'cmake_force_configure' from command line to 'False'
[13.286s] Level 5:colcon.colcon_core.verb:set package 'pkg2_robotBipede' build argument 'ament_cmake_args' from command line to 'None'
[13.286s] Level 5:colcon.colcon_core.verb:set package 'pkg2_robotBipede' build argument 'catkin_cmake_args' from command line to 'None'
[13.286s] Level 5:colcon.colcon_core.verb:set package 'pkg2_robotBipede' build argument 'catkin_skip_building_tests' from command line to 'False'
[13.286s] DEBUG:colcon.colcon_core.verb:Building package 'pkg2_robotBipede' with the following arguments: {'ament_cmake_args': None, 'build_base': '/home/ubuntu/ROS_BAP/WORKSPACES_PERSO/ros2_ws_stage/ws_robotBipede/build/pkg2_robotBipede', 'catkin_cmake_args': None, 'catkin_skip_building_tests': False, 'cmake_args': None, 'cmake_clean_cache': False, 'cmake_clean_first': False, 'cmake_force_configure': False, 'cmake_target': None, 'cmake_target_skip_unavailable': False, 'install_base': '/home/ubuntu/ROS_BAP/WORKSPACES_PERSO/ros2_ws_stage/ws_robotBipede/install/pkg2_robotBipede', 'merge_install': False, 'path': '/home/ubuntu/ROS_BAP/WORKSPACES_PERSO/ros2_ws_stage/ws_robotBipede/src/pkg2_robotBipede', 'symlink_install': True, 'test_result_base': None}
[13.286s] INFO:colcon.colcon_core.executor:Executing jobs using 'parallel' executor
[13.287s] DEBUG:colcon.colcon_parallel_executor.executor.parallel:run_until_complete
[13.287s] INFO:colcon.colcon_ros.task.ament_cmake.build:Building ROS package in '/home/ubuntu/ROS_BAP/WORKSPACES_PERSO/ros2_ws_stage/ws_robotBipede/src/biped_gazebo_worlds' with build type 'ament_cmake'
[13.287s] INFO:colcon.colcon_cmake.task.cmake.build:Building CMake package in '/home/ubuntu/ROS_BAP/WORKSPACES_PERSO/ros2_ws_stage/ws_robotBipede/src/biped_gazebo_worlds'
[13.437s] INFO:colcon.colcon_core.plugin_system:Skipping extension 'colcon_core.shell.bat': Not used on non-Windows systems
[13.438s] INFO:colcon.colcon_core.shell:Skip shell extension 'powershell' for command environment: Not usable outside of PowerShell
[13.438s] DEBUG:colcon.colcon_core.shell:Skip shell extension 'dsv' for command environment
[13.488s] INFO:colcon.colcon_ros.task.ament_cmake.build:Building ROS package in '/home/ubuntu/ROS_BAP/WORKSPACES_PERSO/ros2_ws_stage/ws_robotBipede/src/pkg2_robotBipede' with build type 'ament_cmake'
[13.489s] INFO:colcon.colcon_cmake.task.cmake.build:Building CMake package in '/home/ubuntu/ROS_BAP/WORKSPACES_PERSO/ros2_ws_stage/ws_robotBipede/src/pkg2_robotBipede'
[13.489s] INFO:colcon.colcon_core.shell:Skip shell extension 'powershell' for command environment: Not usable outside of PowerShell
[13.489s] DEBUG:colcon.colcon_core.shell:Skip shell extension 'dsv' for command environment
[13.547s] DEBUG:colcon.colcon_core.event_handler.log_command:Invoking command in '/home/ubuntu/ROS_BAP/WORKSPACES_PERSO/ros2_ws_stage/ws_robotBipede/build/biped_gazebo_worlds': CMAKE_PREFIX_PATH=${CMAKE_PREFIX_PATH}:/opt/ros/humble /usr/bin/cmake --build /home/ubuntu/ROS_BAP/WORKSPACES_PERSO/ros2_ws_stage/ws_robotBipede/build/biped_gazebo_worlds -- -j2 -l2
[13.670s] DEBUG:colcon.colcon_core.event_handler.log_command:Invoking command in '/home/ubuntu/ROS_BAP/WORKSPACES_PERSO/ros2_ws_stage/ws_robotBipede/build/pkg2_robotBipede': CMAKE_PREFIX_PATH=${CMAKE_PREFIX_PATH}:/opt/ros/humble /usr/bin/cmake --build /home/ubuntu/ROS_BAP/WORKSPACES_PERSO/ros2_ws_stage/ws_robotBipede/build/pkg2_robotBipede -- -j2 -l2
[16.941s] DEBUG:colcon.colcon_core.event_handler.log_command:Invoked command in '/home/ubuntu/ROS_BAP/WORKSPACES_PERSO/ros2_ws_stage/ws_robotBipede/build/biped_gazebo_worlds' returned '0': CMAKE_PREFIX_PATH=${CMAKE_PREFIX_PATH}:/opt/ros/humble /usr/bin/cmake --build /home/ubuntu/ROS_BAP/WORKSPACES_PERSO/ros2_ws_stage/ws_robotBipede/build/biped_gazebo_worlds -- -j2 -l2
[16.981s] DEBUG:colcon.colcon_core.event_handler.log_command:Invoked command in '/home/ubuntu/ROS_BAP/WORKSPACES_PERSO/ros2_ws_stage/ws_robotBipede/build/pkg2_robotBipede' returned '0': CMAKE_PREFIX_PATH=${CMAKE_PREFIX_PATH}:/opt/ros/humble /usr/bin/cmake --build /home/ubuntu/ROS_BAP/WORKSPACES_PERSO/ros2_ws_stage/ws_robotBipede/build/pkg2_robotBipede -- -j2 -l2
[17.062s] DEBUG:colcon.colcon_core.event_handler.log_command:Invoking command in '/home/ubuntu/ROS_BAP/WORKSPACES_PERSO/ros2_ws_stage/ws_robotBipede/build/biped_gazebo_worlds': CMAKE_PREFIX_PATH=${CMAKE_PREFIX_PATH}:/opt/ros/humble /usr/bin/cmake --install /home/ubuntu/ROS_BAP/WORKSPACES_PERSO/ros2_ws_stage/ws_robotBipede/build/biped_gazebo_worlds
[17.071s] DEBUG:colcon.colcon_core.event_handler.log_command:Invoking command in '/home/ubuntu/ROS_BAP/WORKSPACES_PERSO/ros2_ws_stage/ws_robotBipede/build/pkg2_robotBipede': CMAKE_PREFIX_PATH=${CMAKE_PREFIX_PATH}:/opt/ros/humble /usr/bin/cmake --install /home/ubuntu/ROS_BAP/WORKSPACES_PERSO/ros2_ws_stage/ws_robotBipede/build/pkg2_robotBipede
[17.579s] Level 1:colcon.colcon_core.environment:create_environment_scripts_only(biped_gazebo_worlds)
[17.583s] DEBUG:colcon.colcon_core.event_handler.log_command:Invoked command in '/home/ubuntu/ROS_BAP/WORKSPACES_PERSO/ros2_ws_stage/ws_robotBipede/build/biped_gazebo_worlds' returned '0': CMAKE_PREFIX_PATH=${CMAKE_PREFIX_PATH}:/opt/ros/humble /usr/bin/cmake --install /home/ubuntu/ROS_BAP/WORKSPACES_PERSO/ros2_ws_stage/ws_robotBipede/build/biped_gazebo_worlds
[17.878s] Level 1:colcon.colcon_core.environment:checking '/home/ubuntu/ROS_BAP/WORKSPACES_PERSO/ros2_ws_stage/ws_robotBipede/install/biped_gazebo_worlds' for CMake module files
[17.879s] Level 1:colcon.colcon_core.environment:checking '/home/ubuntu/ROS_BAP/WORKSPACES_PERSO/ros2_ws_stage/ws_robotBipede/install/biped_gazebo_worlds' for CMake config files
[17.882s] Level 1:colcon.colcon_core.shell:create_environment_hook('biped_gazebo_worlds', 'cmake_prefix_path')
[17.884s] INFO:colcon.colcon_core.shell:Creating environment hook '/home/ubuntu/ROS_BAP/WORKSPACES_PERSO/ros2_ws_stage/ws_robotBipede/install/biped_gazebo_worlds/share/biped_gazebo_worlds/hook/cmake_prefix_path.ps1'
[17.907s] INFO:colcon.colcon_core.shell:Creating environment descriptor '/home/ubuntu/ROS_BAP/WORKSPACES_PERSO/ros2_ws_stage/ws_robotBipede/install/biped_gazebo_worlds/share/biped_gazebo_worlds/hook/cmake_prefix_path.dsv'
[17.908s] INFO:colcon.colcon_core.shell:Creating environment hook '/home/ubuntu/ROS_BAP/WORKSPACES_PERSO/ros2_ws_stage/ws_robotBipede/install/biped_gazebo_worlds/share/biped_gazebo_worlds/hook/cmake_prefix_path.sh'
[17.910s] Level 1:colcon.colcon_core.environment:checking '/home/ubuntu/ROS_BAP/WORKSPACES_PERSO/ros2_ws_stage/ws_robotBipede/install/biped_gazebo_worlds/bin'
[17.910s] Level 1:colcon.colcon_core.environment:checking '/home/ubuntu/ROS_BAP/WORKSPACES_PERSO/ros2_ws_stage/ws_robotBipede/install/biped_gazebo_worlds/lib/pkgconfig/biped_gazebo_worlds.pc'
[17.911s] Level 1:colcon.colcon_core.environment:checking '/home/ubuntu/ROS_BAP/WORKSPACES_PERSO/ros2_ws_stage/ws_robotBipede/install/biped_gazebo_worlds/lib/python3.10/site-packages'
[17.911s] Level 1:colcon.colcon_core.environment:checking '/home/ubuntu/ROS_BAP/WORKSPACES_PERSO/ros2_ws_stage/ws_robotBipede/install/biped_gazebo_worlds/bin'
[17.912s] INFO:colcon.colcon_core.shell:Creating package script '/home/ubuntu/ROS_BAP/WORKSPACES_PERSO/ros2_ws_stage/ws_robotBipede/install/biped_gazebo_worlds/share/biped_gazebo_worlds/package.ps1'
[17.941s] INFO:colcon.colcon_core.shell:Creating package descriptor '/home/ubuntu/ROS_BAP/WORKSPACES_PERSO/ros2_ws_stage/ws_robotBipede/install/biped_gazebo_worlds/share/biped_gazebo_worlds/package.dsv'
[17.949s] INFO:colcon.colcon_core.shell:Creating package script '/home/ubuntu/ROS_BAP/WORKSPACES_PERSO/ros2_ws_stage/ws_robotBipede/install/biped_gazebo_worlds/share/biped_gazebo_worlds/package.sh'
[17.952s] INFO:colcon.colcon_core.shell:Creating package script '/home/ubuntu/ROS_BAP/WORKSPACES_PERSO/ros2_ws_stage/ws_robotBipede/install/biped_gazebo_worlds/share/biped_gazebo_worlds/package.bash'
[17.954s] INFO:colcon.colcon_core.shell:Creating package script '/home/ubuntu/ROS_BAP/WORKSPACES_PERSO/ros2_ws_stage/ws_robotBipede/install/biped_gazebo_worlds/share/biped_gazebo_worlds/package.zsh'
[17.975s] Level 1:colcon.colcon_core.environment:create_file_with_runtime_dependencies(/home/ubuntu/ROS_BAP/WORKSPACES_PERSO/ros2_ws_stage/ws_robotBipede/install/biped_gazebo_worlds/share/colcon-core/packages/biped_gazebo_worlds)
[17.986s] Level 1:colcon.colcon_core.environment:create_environment_scripts_only(pkg2_robotBipede)
[17.986s] DEBUG:colcon.colcon_core.event_handler.log_command:Invoked command in '/home/ubuntu/ROS_BAP/WORKSPACES_PERSO/ros2_ws_stage/ws_robotBipede/build/pkg2_robotBipede' returned '0': CMAKE_PREFIX_PATH=${CMAKE_PREFIX_PATH}:/opt/ros/humble /usr/bin/cmake --install /home/ubuntu/ROS_BAP/WORKSPACES_PERSO/ros2_ws_stage/ws_robotBipede/build/pkg2_robotBipede
[17.987s] Level 1:colcon.colcon_core.environment:checking '/home/ubuntu/ROS_BAP/WORKSPACES_PERSO/ros2_ws_stage/ws_robotBipede/install/pkg2_robotBipede' for CMake module files
[17.988s] Level 1:colcon.colcon_core.environment:checking '/home/ubuntu/ROS_BAP/WORKSPACES_PERSO/ros2_ws_stage/ws_robotBipede/install/pkg2_robotBipede' for CMake config files
[18.001s] Level 1:colcon.colcon_core.shell:create_environment_hook('pkg2_robotBipede', 'cmake_prefix_path')
[18.003s] INFO:colcon.colcon_core.shell:Creating environment hook '/home/ubuntu/ROS_BAP/WORKSPACES_PERSO/ros2_ws_stage/ws_robotBipede/install/pkg2_robotBipede/share/pkg2_robotBipede/hook/cmake_prefix_path.ps1'
[18.005s] INFO:colcon.colcon_core.shell:Creating environment descriptor '/home/ubuntu/ROS_BAP/WORKSPACES_PERSO/ros2_ws_stage/ws_robotBipede/install/pkg2_robotBipede/share/pkg2_robotBipede/hook/cmake_prefix_path.dsv'
[18.008s] INFO:colcon.colcon_core.shell:Creating environment hook '/home/ubuntu/ROS_BAP/WORKSPACES_PERSO/ros2_ws_stage/ws_robotBipede/install/pkg2_robotBipede/share/pkg2_robotBipede/hook/cmake_prefix_path.sh'
[18.016s] Level 1:colcon.colcon_core.environment:checking '/home/ubuntu/ROS_BAP/WORKSPACES_PERSO/ros2_ws_stage/ws_robotBipede/install/pkg2_robotBipede/bin'
[18.017s] Level 1:colcon.colcon_core.environment:checking '/home/ubuntu/ROS_BAP/WORKSPACES_PERSO/ros2_ws_stage/ws_robotBipede/install/pkg2_robotBipede/lib/pkgconfig/pkg2_robotBipede.pc'
[18.018s] Level 1:colcon.colcon_core.environment:checking '/home/ubuntu/ROS_BAP/WORKSPACES_PERSO/ros2_ws_stage/ws_robotBipede/install/pkg2_robotBipede/lib/python3.10/site-packages'
[18.019s] Level 1:colcon.colcon_core.environment:checking '/home/ubuntu/ROS_BAP/WORKSPACES_PERSO/ros2_ws_stage/ws_robotBipede/install/pkg2_robotBipede/bin'
[18.020s] INFO:colcon.colcon_core.shell:Creating package script '/home/ubuntu/ROS_BAP/WORKSPACES_PERSO/ros2_ws_stage/ws_robotBipede/install/pkg2_robotBipede/share/pkg2_robotBipede/package.ps1'
[18.024s] INFO:colcon.colcon_core.shell:Creating package descriptor '/home/ubuntu/ROS_BAP/WORKSPACES_PERSO/ros2_ws_stage/ws_robotBipede/install/pkg2_robotBipede/share/pkg2_robotBipede/package.dsv'
[18.026s] INFO:colcon.colcon_core.shell:Creating package script '/home/ubuntu/ROS_BAP/WORKSPACES_PERSO/ros2_ws_stage/ws_robotBipede/install/pkg2_robotBipede/share/pkg2_robotBipede/package.sh'
[18.031s] INFO:colcon.colcon_core.shell:Creating package script '/home/ubuntu/ROS_BAP/WORKSPACES_PERSO/ros2_ws_stage/ws_robotBipede/install/pkg2_robotBipede/share/pkg2_robotBipede/package.bash'
[18.032s] INFO:colcon.colcon_core.shell:Creating package script '/home/ubuntu/ROS_BAP/WORKSPACES_PERSO/ros2_ws_stage/ws_robotBipede/install/pkg2_robotBipede/share/pkg2_robotBipede/package.zsh'
[18.034s] Level 1:colcon.colcon_core.environment:create_file_with_runtime_dependencies(/home/ubuntu/ROS_BAP/WORKSPACES_PERSO/ros2_ws_stage/ws_robotBipede/install/pkg2_robotBipede/share/colcon-core/packages/pkg2_robotBipede)
[18.076s] Level 1:colcon.colcon_core.environment:create_environment_scripts_only(biped_gazebo_worlds)
[18.077s] Level 1:colcon.colcon_core.environment:checking '/home/ubuntu/ROS_BAP/WORKSPACES_PERSO/ros2_ws_stage/ws_robotBipede/install/biped_gazebo_worlds' for CMake module files
[18.079s] Level 1:colcon.colcon_core.environment:checking '/home/ubuntu/ROS_BAP/WORKSPACES_PERSO/ros2_ws_stage/ws_robotBipede/install/biped_gazebo_worlds' for CMake config files
[18.081s] Level 1:colcon.colcon_core.shell:create_environment_hook('biped_gazebo_worlds', 'cmake_prefix_path')
[18.082s] INFO:colcon.colcon_core.shell:Creating environment hook '/home/ubuntu/ROS_BAP/WORKSPACES_PERSO/ros2_ws_stage/ws_robotBipede/install/biped_gazebo_worlds/share/biped_gazebo_worlds/hook/cmake_prefix_path.ps1'
[18.084s] INFO:colcon.colcon_core.shell:Creating environment descriptor '/home/ubuntu/ROS_BAP/WORKSPACES_PERSO/ros2_ws_stage/ws_robotBipede/install/biped_gazebo_worlds/share/biped_gazebo_worlds/hook/cmake_prefix_path.dsv'
[18.085s] INFO:colcon.colcon_core.shell:Creating environment hook '/home/ubuntu/ROS_BAP/WORKSPACES_PERSO/ros2_ws_stage/ws_robotBipede/install/biped_gazebo_worlds/share/biped_gazebo_worlds/hook/cmake_prefix_path.sh'
[18.090s] Level 1:colcon.colcon_core.environment:checking '/home/ubuntu/ROS_BAP/WORKSPACES_PERSO/ros2_ws_stage/ws_robotBipede/install/biped_gazebo_worlds/bin'
[18.090s] Level 1:colcon.colcon_core.environment:checking '/home/ubuntu/ROS_BAP/WORKSPACES_PERSO/ros2_ws_stage/ws_robotBipede/install/biped_gazebo_worlds/lib/pkgconfig/biped_gazebo_worlds.pc'
[18.091s] Level 1:colcon.colcon_core.environment:checking '/home/ubuntu/ROS_BAP/WORKSPACES_PERSO/ros2_ws_stage/ws_robotBipede/install/biped_gazebo_worlds/lib/python3.10/site-packages'
[18.092s] Level 1:colcon.colcon_core.environment:checking '/home/ubuntu/ROS_BAP/WORKSPACES_PERSO/ros2_ws_stage/ws_robotBipede/install/biped_gazebo_worlds/bin'
[18.093s] INFO:colcon.colcon_core.shell:Creating package script '/home/ubuntu/ROS_BAP/WORKSPACES_PERSO/ros2_ws_stage/ws_robotBipede/install/biped_gazebo_worlds/share/biped_gazebo_worlds/package.ps1'
[18.094s] INFO:colcon.colcon_core.shell:Creating package descriptor '/home/ubuntu/ROS_BAP/WORKSPACES_PERSO/ros2_ws_stage/ws_robotBipede/install/biped_gazebo_worlds/share/biped_gazebo_worlds/package.dsv'
[18.096s] INFO:colcon.colcon_core.shell:Creating package script '/home/ubuntu/ROS_BAP/WORKSPACES_PERSO/ros2_ws_stage/ws_robotBipede/install/biped_gazebo_worlds/share/biped_gazebo_worlds/package.sh'
[18.097s] INFO:colcon.colcon_core.shell:Creating package script '/home/ubuntu/ROS_BAP/WORKSPACES_PERSO/ros2_ws_stage/ws_robotBipede/install/biped_gazebo_worlds/share/biped_gazebo_worlds/package.bash'
[18.101s] INFO:colcon.colcon_core.shell:Creating package script '/home/ubuntu/ROS_BAP/WORKSPACES_PERSO/ros2_ws_stage/ws_robotBipede/install/biped_gazebo_worlds/share/biped_gazebo_worlds/package.zsh'
[18.101s] Level 1:colcon.colcon_core.environment:create_file_with_runtime_dependencies(/home/ubuntu/ROS_BAP/WORKSPACES_PERSO/ros2_ws_stage/ws_robotBipede/install/biped_gazebo_worlds/share/colcon-core/packages/biped_gazebo_worlds)
[18.139s] Level 1:colcon.colcon_core.environment:create_environment_scripts_only(pkg2_robotBipede)
[18.139s] Level 1:colcon.colcon_core.environment:checking '/home/ubuntu/ROS_BAP/WORKSPACES_PERSO/ros2_ws_stage/ws_robotBipede/install/pkg2_robotBipede' for CMake module files
[18.141s] Level 1:colcon.colcon_core.environment:checking '/home/ubuntu/ROS_BAP/WORKSPACES_PERSO/ros2_ws_stage/ws_robotBipede/install/pkg2_robotBipede' for CMake config files
[18.141s] Level 1:colcon.colcon_core.shell:create_environment_hook('pkg2_robotBipede', 'cmake_prefix_path')
[18.142s] INFO:colcon.colcon_core.shell:Creating environment hook '/home/ubuntu/ROS_BAP/WORKSPACES_PERSO/ros2_ws_stage/ws_robotBipede/install/pkg2_robotBipede/share/pkg2_robotBipede/hook/cmake_prefix_path.ps1'
[18.144s] INFO:colcon.colcon_core.shell:Creating environment descriptor '/home/ubuntu/ROS_BAP/WORKSPACES_PERSO/ros2_ws_stage/ws_robotBipede/install/pkg2_robotBipede/share/pkg2_robotBipede/hook/cmake_prefix_path.dsv'
[18.147s] INFO:colcon.colcon_core.shell:Creating environment hook '/home/ubuntu/ROS_BAP/WORKSPACES_PERSO/ros2_ws_stage/ws_robotBipede/install/pkg2_robotBipede/share/pkg2_robotBipede/hook/cmake_prefix_path.sh'
[18.150s] Level 1:colcon.colcon_core.environment:checking '/home/ubuntu/ROS_BAP/WORKSPACES_PERSO/ros2_ws_stage/ws_robotBipede/install/pkg2_robotBipede/bin'
[18.150s] Level 1:colcon.colcon_core.environment:checking '/home/ubuntu/ROS_BAP/WORKSPACES_PERSO/ros2_ws_stage/ws_robotBipede/install/pkg2_robotBipede/lib/pkgconfig/pkg2_robotBipede.pc'
[18.151s] Level 1:colcon.colcon_core.environment:checking '/home/ubuntu/ROS_BAP/WORKSPACES_PERSO/ros2_ws_stage/ws_robotBipede/install/pkg2_robotBipede/lib/python3.10/site-packages'
[18.153s] Level 1:colcon.colcon_core.environment:checking '/home/ubuntu/ROS_BAP/WORKSPACES_PERSO/ros2_ws_stage/ws_robotBipede/install/pkg2_robotBipede/bin'
[18.155s] INFO:colcon.colcon_core.shell:Creating package script '/home/ubuntu/ROS_BAP/WORKSPACES_PERSO/ros2_ws_stage/ws_robotBipede/install/pkg2_robotBipede/share/pkg2_robotBipede/package.ps1'
[18.156s] INFO:colcon.colcon_core.shell:Creating package descriptor '/home/ubuntu/ROS_BAP/WORKSPACES_PERSO/ros2_ws_stage/ws_robotBipede/install/pkg2_robotBipede/share/pkg2_robotBipede/package.dsv'
[18.157s] INFO:colcon.colcon_core.shell:Creating package script '/home/ubuntu/ROS_BAP/WORKSPACES_PERSO/ros2_ws_stage/ws_robotBipede/install/pkg2_robotBipede/share/pkg2_robotBipede/package.sh'
[18.158s] INFO:colcon.colcon_core.shell:Creating package script '/home/ubuntu/ROS_BAP/WORKSPACES_PERSO/ros2_ws_stage/ws_robotBipede/install/pkg2_robotBipede/share/pkg2_robotBipede/package.bash'
[18.159s] INFO:colcon.colcon_core.shell:Creating package script '/home/ubuntu/ROS_BAP/WORKSPACES_PERSO/ros2_ws_stage/ws_robotBipede/install/pkg2_robotBipede/share/pkg2_robotBipede/package.zsh'
[18.160s] Level 1:colcon.colcon_core.environment:create_file_with_runtime_dependencies(/home/ubuntu/ROS_BAP/WORKSPACES_PERSO/ros2_ws_stage/ws_robotBipede/install/pkg2_robotBipede/share/colcon-core/packages/pkg2_robotBipede)
[18.161s] DEBUG:colcon.colcon_parallel_executor.executor.parallel:closing loop
[18.161s] DEBUG:colcon.colcon_parallel_executor.executor.parallel:loop closed
[18.161s] DEBUG:colcon.colcon_parallel_executor.executor.parallel:run_until_complete finished with '0'
[18.166s] DEBUG:colcon.colcon_core.event_reactor:joining thread
[18.372s] INFO:colcon.colcon_core.plugin_system:Skipping extension 'colcon_notification.desktop_notification.terminal_notifier': Not used on non-Darwin systems
[18.373s] INFO:colcon.colcon_core.plugin_system:Skipping extension 'colcon_notification.desktop_notification.win32': Not used on non-Windows systems
[18.373s] INFO:colcon.colcon_notification.desktop_notification:Sending desktop notification using 'notify2'
[18.806s] DEBUG:colcon.colcon_core.event_reactor:joined thread
[18.807s] INFO:colcon.colcon_core.shell:Creating prefix script '/home/ubuntu/ROS_BAP/WORKSPACES_PERSO/ros2_ws_stage/ws_robotBipede/install/local_setup.ps1'
[18.815s] INFO:colcon.colcon_core.shell:Creating prefix util module '/home/ubuntu/ROS_BAP/WORKSPACES_PERSO/ros2_ws_stage/ws_robotBipede/install/_local_setup_util_ps1.py'
[18.851s] INFO:colcon.colcon_core.shell:Creating prefix chain script '/home/ubuntu/ROS_BAP/WORKSPACES_PERSO/ros2_ws_stage/ws_robotBipede/install/setup.ps1'
[18.856s] INFO:colcon.colcon_core.shell:Creating prefix script '/home/ubuntu/ROS_BAP/WORKSPACES_PERSO/ros2_ws_stage/ws_robotBipede/install/local_setup.sh'
[18.859s] INFO:colcon.colcon_core.shell:Creating prefix util module '/home/ubuntu/ROS_BAP/WORKSPACES_PERSO/ros2_ws_stage/ws_robotBipede/install/_local_setup_util_sh.py'
[18.861s] INFO:colcon.colcon_core.shell:Creating prefix chain script '/home/ubuntu/ROS_BAP/WORKSPACES_PERSO/ros2_ws_stage/ws_robotBipede/install/setup.sh'
[18.876s] INFO:colcon.colcon_core.shell:Creating prefix script '/home/ubuntu/ROS_BAP/WORKSPACES_PERSO/ros2_ws_stage/ws_robotBipede/install/local_setup.bash'
[18.879s] INFO:colcon.colcon_core.shell:Creating prefix chain script '/home/ubuntu/ROS_BAP/WORKSPACES_PERSO/ros2_ws_stage/ws_robotBipede/install/setup.bash'
[18.882s] INFO:colcon.colcon_core.shell:Creating prefix script '/home/ubuntu/ROS_BAP/WORKSPACES_PERSO/ros2_ws_stage/ws_robotBipede/install/local_setup.zsh'
[18.887s] INFO:colcon.colcon_core.shell:Creating prefix chain script '/home/ubuntu/ROS_BAP/WORKSPACES_PERSO/ros2_ws_stage/ws_robotBipede/install/setup.zsh'
