[1.247s] DEBUG:colcon:Command line arguments: ['/usr/bin/colcon', 'build', '--symlink-install']
[1.247s] DEBUG:colcon:Parsed command line arguments: Namespace(log_base=None, log_level=None, verb_name='build', build_base='build', install_base='install', merge_install=False, symlink_install=True, test_result_base=None, continue_on_error=False, executor='parallel', parallel_workers=2, event_handlers=None, ignore_user_meta=False, metas=['./colcon.meta'], base_paths=['.'], packages_ignore=None, packages_ignore_regex=None, paths=None, packages_up_to=None, packages_up_to_regex=None, packages_above=None, packages_above_and_dependencies=None, packages_above_depth=None, packages_select_by_dep=None, packages_skip_by_dep=None, packages_skip_up_to=None, packages_select_build_failed=False, packages_skip_build_finished=False, packages_select_test_failures=False, packages_skip_test_passed=False, packages_select=None, packages_skip=None, packages_select_regex=None, packages_skip_regex=None, packages_start=None, packages_end=None, allow_overriding=[], cmake_args=None, cmake_target=None, cmake_target_skip_unavailable=False, cmake_clean_cache=False, cmake_clean_first=False, cmake_force_configure=False, ament_cmake_args=None, catkin_cmake_args=None, catkin_skip_building_tests=False, verb_parser=<colcon_defaults.argument_parser.defaults.DefaultArgumentsDecorator object at 0x7b86e48079a0>, verb_extension=<colcon_core.verb.build.BuildVerb object at 0x7b86e4807550>, main=<bound method BuildVerb.main of <colcon_core.verb.build.BuildVerb object at 0x7b86e4807550>>)
[2.093s] Level 1:colcon.colcon_core.package_discovery:discover_packages(colcon_meta) check parameters
[2.094s] Level 1:colcon.colcon_core.package_discovery:discover_packages(recursive) check parameters
[2.094s] Level 1:colcon.colcon_core.package_discovery:discover_packages(ignore) check parameters
[2.094s] Level 1:colcon.colcon_core.package_discovery:discover_packages(path) check parameters
[2.094s] Level 1:colcon.colcon_core.package_discovery:discover_packages(colcon_meta) discover
[2.094s] Level 1:colcon.colcon_core.package_discovery:discover_packages(recursive) discover
[2.095s] INFO:colcon.colcon_core.package_discovery:Crawling recursively for packages in '/home/ubuntu/ROS_BAP/WORKSPACES_PERSO/ros2_ws_stage/ws_robotBipede'
[2.095s] Level 1:colcon.colcon_core.package_identification:_identify(.) by extensions ['ignore', 'ignore_ament_install']
[2.096s] Level 1:colcon.colcon_core.package_identification:_identify(.) by extension 'ignore'
[2.096s] Level 1:colcon.colcon_core.package_identification:_identify(.) by extension 'ignore_ament_install'
[2.096s] Level 1:colcon.colcon_core.package_identification:_identify(.) by extensions ['colcon_pkg']
[2.096s] Level 1:colcon.colcon_core.package_identification:_identify(.) by extension 'colcon_pkg'
[2.096s] Level 1:colcon.colcon_core.package_identification:_identify(.) by extensions ['colcon_meta']
[2.097s] Level 1:colcon.colcon_core.package_identification:_identify(.) by extension 'colcon_meta'
[2.097s] Level 1:colcon.colcon_core.package_identification:_identify(.) by extensions ['ros']
[2.097s] Level 1:colcon.colcon_core.package_identification:_identify(.) by extension 'ros'
[2.145s] Level 1:colcon.colcon_core.package_identification:_identify(.) by extensions ['cmake', 'python']
[2.145s] Level 1:colcon.colcon_core.package_identification:_identify(.) by extension 'cmake'
[2.145s] Level 1:colcon.colcon_core.package_identification:_identify(.) by extension 'python'
[2.145s] Level 1:colcon.colcon_core.package_identification:_identify(.) by extensions ['python_setup_py']
[2.145s] Level 1:colcon.colcon_core.package_identification:_identify(.) by extension 'python_setup_py'
[2.146s] Level 1:colcon.colcon_core.package_identification:_identify(build) by extensions ['ignore', 'ignore_ament_install']
[2.146s] Level 1:colcon.colcon_core.package_identification:_identify(build) by extension 'ignore'
[2.146s] Level 1:colcon.colcon_core.package_identification:_identify(build) ignored
[2.146s] Level 1:colcon.colcon_core.package_identification:_identify(install) by extensions ['ignore', 'ignore_ament_install']
[2.147s] Level 1:colcon.colcon_core.package_identification:_identify(install) by extension 'ignore'
[2.148s] Level 1:colcon.colcon_core.package_identification:_identify(install) ignored
[2.148s] Level 1:colcon.colcon_core.package_identification:_identify(log) by extensions ['ignore', 'ignore_ament_install']
[2.149s] Level 1:colcon.colcon_core.package_identification:_identify(log) by extension 'ignore'
[2.149s] Level 1:colcon.colcon_core.package_identification:_identify(log) ignored
[2.149s] Level 1:colcon.colcon_core.package_identification:_identify(src) by extensions ['ignore', 'ignore_ament_install']
[2.150s] Level 1:colcon.colcon_core.package_identification:_identify(src) by extension 'ignore'
[2.151s] Level 1:colcon.colcon_core.package_identification:_identify(src) by extension 'ignore_ament_install'
[2.151s] Level 1:colcon.colcon_core.package_identification:_identify(src) by extensions ['colcon_pkg']
[2.151s] Level 1:colcon.colcon_core.package_identification:_identify(src) by extension 'colcon_pkg'
[2.152s] Level 1:colcon.colcon_core.package_identification:_identify(src) by extensions ['colcon_meta']
[2.152s] Level 1:colcon.colcon_core.package_identification:_identify(src) by extension 'colcon_meta'
[2.152s] Level 1:colcon.colcon_core.package_identification:_identify(src) by extensions ['ros']
[2.152s] Level 1:colcon.colcon_core.package_identification:_identify(src) by extension 'ros'
[2.152s] Level 1:colcon.colcon_core.package_identification:_identify(src) by extensions ['cmake', 'python']
[2.152s] Level 1:colcon.colcon_core.package_identification:_identify(src) by extension 'cmake'
[2.152s] Level 1:colcon.colcon_core.package_identification:_identify(src) by extension 'python'
[2.152s] Level 1:colcon.colcon_core.package_identification:_identify(src) by extensions ['python_setup_py']
[2.152s] Level 1:colcon.colcon_core.package_identification:_identify(src) by extension 'python_setup_py'
[2.153s] Level 1:colcon.colcon_core.package_identification:_identify(src/biped_gazebo_worlds) by extensions ['ignore', 'ignore_ament_install']
[2.153s] Level 1:colcon.colcon_core.package_identification:_identify(src/biped_gazebo_worlds) by extension 'ignore'
[2.153s] Level 1:colcon.colcon_core.package_identification:_identify(src/biped_gazebo_worlds) by extension 'ignore_ament_install'
[2.153s] Level 1:colcon.colcon_core.package_identification:_identify(src/biped_gazebo_worlds) by extensions ['colcon_pkg']
[2.153s] Level 1:colcon.colcon_core.package_identification:_identify(src/biped_gazebo_worlds) by extension 'colcon_pkg'
[2.153s] Level 1:colcon.colcon_core.package_identification:_identify(src/biped_gazebo_worlds) by extensions ['colcon_meta']
[2.153s] Level 1:colcon.colcon_core.package_identification:_identify(src/biped_gazebo_worlds) by extension 'colcon_meta'
[2.153s] Level 1:colcon.colcon_core.package_identification:_identify(src/biped_gazebo_worlds) by extensions ['ros']
[2.153s] Level 1:colcon.colcon_core.package_identification:_identify(src/biped_gazebo_worlds) by extension 'ros'
[2.167s] DEBUG:colcon.colcon_core.package_identification:Package 'src/biped_gazebo_worlds' with type 'ros.ament_cmake' and name 'biped_gazebo_worlds'
[2.167s] Level 1:colcon.colcon_core.package_discovery:discover_packages(recursive) using defaults
[2.167s] Level 1:colcon.colcon_core.package_discovery:discover_packages(ignore) discover
[2.167s] Level 1:colcon.colcon_core.package_discovery:discover_packages(ignore) using defaults
[2.167s] Level 1:colcon.colcon_core.package_discovery:discover_packages(path) discover
[2.168s] Level 1:colcon.colcon_core.package_discovery:discover_packages(path) using defaults
[2.273s] Level 1:colcon.colcon_core.package_discovery:discover_packages(prefix_path) check parameters
[2.273s] Level 1:colcon.colcon_core.package_discovery:discover_packages(prefix_path) discover
[2.287s] DEBUG:colcon.colcon_installed_package_information.package_discovery:Found 299 installed packages in /opt/ros/humble
[2.294s] Level 1:colcon.colcon_core.package_discovery:discover_packages(prefix_path) using defaults
[2.486s] Level 5:colcon.colcon_core.verb:set package 'biped_gazebo_worlds' build argument 'cmake_args' from command line to 'None'
[2.486s] Level 5:colcon.colcon_core.verb:set package 'biped_gazebo_worlds' build argument 'cmake_target' from command line to 'None'
[2.487s] Level 5:colcon.colcon_core.verb:set package 'biped_gazebo_worlds' build argument 'cmake_target_skip_unavailable' from command line to 'False'
[2.487s] Level 5:colcon.colcon_core.verb:set package 'biped_gazebo_worlds' build argument 'cmake_clean_cache' from command line to 'False'
[2.487s] Level 5:colcon.colcon_core.verb:set package 'biped_gazebo_worlds' build argument 'cmake_clean_first' from command line to 'False'
[2.487s] Level 5:colcon.colcon_core.verb:set package 'biped_gazebo_worlds' build argument 'cmake_force_configure' from command line to 'False'
[2.487s] Level 5:colcon.colcon_core.verb:set package 'biped_gazebo_worlds' build argument 'ament_cmake_args' from command line to 'None'
[2.487s] Level 5:colcon.colcon_core.verb:set package 'biped_gazebo_worlds' build argument 'catkin_cmake_args' from command line to 'None'
[2.487s] Level 5:colcon.colcon_core.verb:set package 'biped_gazebo_worlds' build argument 'catkin_skip_building_tests' from command line to 'False'
[2.487s] DEBUG:colcon.colcon_core.verb:Building package 'biped_gazebo_worlds' with the following arguments: {'ament_cmake_args': None, 'build_base': '/home/ubuntu/ROS_BAP/WORKSPACES_PERSO/ros2_ws_stage/ws_robotBipede/build/biped_gazebo_worlds', 'catkin_cmake_args': None, 'catkin_skip_building_tests': False, 'cmake_args': None, 'cmake_clean_cache': False, 'cmake_clean_first': False, 'cmake_force_configure': False, 'cmake_target': None, 'cmake_target_skip_unavailable': False, 'install_base': '/home/ubuntu/ROS_BAP/WORKSPACES_PERSO/ros2_ws_stage/ws_robotBipede/install/biped_gazebo_worlds', 'merge_install': False, 'path': '/home/ubuntu/ROS_BAP/WORKSPACES_PERSO/ros2_ws_stage/ws_robotBipede/src/biped_gazebo_worlds', 'symlink_install': True, 'test_result_base': None}
[2.488s] INFO:colcon.colcon_core.executor:Executing jobs using 'parallel' executor
[2.492s] DEBUG:colcon.colcon_parallel_executor.executor.parallel:run_until_complete
[2.493s] INFO:colcon.colcon_ros.task.ament_cmake.build:Building ROS package in '/home/ubuntu/ROS_BAP/WORKSPACES_PERSO/ros2_ws_stage/ws_robotBipede/src/biped_gazebo_worlds' with build type 'ament_cmake'
[2.493s] INFO:colcon.colcon_cmake.task.cmake.build:Building CMake package in '/home/ubuntu/ROS_BAP/WORKSPACES_PERSO/ros2_ws_stage/ws_robotBipede/src/biped_gazebo_worlds'
[2.518s] INFO:colcon.colcon_core.plugin_system:Skipping extension 'colcon_core.shell.bat': Not used on non-Windows systems
[2.519s] INFO:colcon.colcon_core.shell:Skip shell extension 'powershell' for command environment: Not usable outside of PowerShell
[2.519s] DEBUG:colcon.colcon_core.shell:Skip shell extension 'dsv' for command environment
[2.553s] DEBUG:colcon.colcon_core.event_handler.log_command:Invoking command in '/home/ubuntu/ROS_BAP/WORKSPACES_PERSO/ros2_ws_stage/ws_robotBipede/build/biped_gazebo_worlds': CMAKE_PREFIX_PATH=/opt/ros/humble /usr/bin/cmake /home/ubuntu/ROS_BAP/WORKSPACES_PERSO/ros2_ws_stage/ws_robotBipede/src/biped_gazebo_worlds -DAMENT_CMAKE_SYMLINK_INSTALL=1 -DCMAKE_INSTALL_PREFIX=/home/ubuntu/ROS_BAP/WORKSPACES_PERSO/ros2_ws_stage/ws_robotBipede/install/biped_gazebo_worlds
[15.590s] DEBUG:colcon.colcon_core.event_handler.log_command:Invoked command in '/home/ubuntu/ROS_BAP/WORKSPACES_PERSO/ros2_ws_stage/ws_robotBipede/build/biped_gazebo_worlds' returned '0': CMAKE_PREFIX_PATH=/opt/ros/humble /usr/bin/cmake /home/ubuntu/ROS_BAP/WORKSPACES_PERSO/ros2_ws_stage/ws_robotBipede/src/biped_gazebo_worlds -DAMENT_CMAKE_SYMLINK_INSTALL=1 -DCMAKE_INSTALL_PREFIX=/home/ubuntu/ROS_BAP/WORKSPACES_PERSO/ros2_ws_stage/ws_robotBipede/install/biped_gazebo_worlds
[15.598s] DEBUG:colcon.colcon_core.event_handler.log_command:Invoking command in '/home/ubuntu/ROS_BAP/WORKSPACES_PERSO/ros2_ws_stage/ws_robotBipede/build/biped_gazebo_worlds': CMAKE_PREFIX_PATH=/opt/ros/humble /usr/bin/cmake --build /home/ubuntu/ROS_BAP/WORKSPACES_PERSO/ros2_ws_stage/ws_robotBipede/build/biped_gazebo_worlds -- -j2 -l2
[15.752s] DEBUG:colcon.colcon_core.event_handler.log_command:Invoked command in '/home/ubuntu/ROS_BAP/WORKSPACES_PERSO/ros2_ws_stage/ws_robotBipede/build/biped_gazebo_worlds' returned '0': CMAKE_PREFIX_PATH=/opt/ros/humble /usr/bin/cmake --build /home/ubuntu/ROS_BAP/WORKSPACES_PERSO/ros2_ws_stage/ws_robotBipede/build/biped_gazebo_worlds -- -j2 -l2
[15.878s] DEBUG:colcon.colcon_core.event_handler.log_command:Invoking command in '/home/ubuntu/ROS_BAP/WORKSPACES_PERSO/ros2_ws_stage/ws_robotBipede/build/biped_gazebo_worlds': CMAKE_PREFIX_PATH=/opt/ros/humble /usr/bin/cmake --install /home/ubuntu/ROS_BAP/WORKSPACES_PERSO/ros2_ws_stage/ws_robotBipede/build/biped_gazebo_worlds
[17.480s] Level 1:colcon.colcon_core.environment:create_environment_scripts_only(biped_gazebo_worlds)
[17.482s] DEBUG:colcon.colcon_core.event_handler.log_command:Invoked command in '/home/ubuntu/ROS_BAP/WORKSPACES_PERSO/ros2_ws_stage/ws_robotBipede/build/biped_gazebo_worlds' returned '0': CMAKE_PREFIX_PATH=/opt/ros/humble /usr/bin/cmake --install /home/ubuntu/ROS_BAP/WORKSPACES_PERSO/ros2_ws_stage/ws_robotBipede/build/biped_gazebo_worlds
[17.497s] Level 1:colcon.colcon_core.environment:checking '/home/ubuntu/ROS_BAP/WORKSPACES_PERSO/ros2_ws_stage/ws_robotBipede/install/biped_gazebo_worlds' for CMake module files
[17.498s] Level 1:colcon.colcon_core.environment:checking '/home/ubuntu/ROS_BAP/WORKSPACES_PERSO/ros2_ws_stage/ws_robotBipede/install/biped_gazebo_worlds' for CMake config files
[17.500s] Level 1:colcon.colcon_core.shell:create_environment_hook('biped_gazebo_worlds', 'cmake_prefix_path')
[17.501s] INFO:colcon.colcon_core.shell:Creating environment hook '/home/ubuntu/ROS_BAP/WORKSPACES_PERSO/ros2_ws_stage/ws_robotBipede/install/biped_gazebo_worlds/share/biped_gazebo_worlds/hook/cmake_prefix_path.ps1'
[17.504s] INFO:colcon.colcon_core.shell:Creating environment descriptor '/home/ubuntu/ROS_BAP/WORKSPACES_PERSO/ros2_ws_stage/ws_robotBipede/install/biped_gazebo_worlds/share/biped_gazebo_worlds/hook/cmake_prefix_path.dsv'
[17.506s] INFO:colcon.colcon_core.shell:Creating environment hook '/home/ubuntu/ROS_BAP/WORKSPACES_PERSO/ros2_ws_stage/ws_robotBipede/install/biped_gazebo_worlds/share/biped_gazebo_worlds/hook/cmake_prefix_path.sh'
[17.510s] Level 1:colcon.colcon_core.environment:checking '/home/ubuntu/ROS_BAP/WORKSPACES_PERSO/ros2_ws_stage/ws_robotBipede/install/biped_gazebo_worlds/bin'
[17.510s] Level 1:colcon.colcon_core.environment:checking '/home/ubuntu/ROS_BAP/WORKSPACES_PERSO/ros2_ws_stage/ws_robotBipede/install/biped_gazebo_worlds/lib/pkgconfig/biped_gazebo_worlds.pc'
[17.511s] Level 1:colcon.colcon_core.environment:checking '/home/ubuntu/ROS_BAP/WORKSPACES_PERSO/ros2_ws_stage/ws_robotBipede/install/biped_gazebo_worlds/lib/python3.10/site-packages'
[17.512s] Level 1:colcon.colcon_core.environment:checking '/home/ubuntu/ROS_BAP/WORKSPACES_PERSO/ros2_ws_stage/ws_robotBipede/install/biped_gazebo_worlds/bin'
[17.513s] INFO:colcon.colcon_core.shell:Creating package script '/home/ubuntu/ROS_BAP/WORKSPACES_PERSO/ros2_ws_stage/ws_robotBipede/install/biped_gazebo_worlds/share/biped_gazebo_worlds/package.ps1'
[17.516s] INFO:colcon.colcon_core.shell:Creating package descriptor '/home/ubuntu/ROS_BAP/WORKSPACES_PERSO/ros2_ws_stage/ws_robotBipede/install/biped_gazebo_worlds/share/biped_gazebo_worlds/package.dsv'
[17.518s] INFO:colcon.colcon_core.shell:Creating package script '/home/ubuntu/ROS_BAP/WORKSPACES_PERSO/ros2_ws_stage/ws_robotBipede/install/biped_gazebo_worlds/share/biped_gazebo_worlds/package.sh'
[17.522s] INFO:colcon.colcon_core.shell:Creating package script '/home/ubuntu/ROS_BAP/WORKSPACES_PERSO/ros2_ws_stage/ws_robotBipede/install/biped_gazebo_worlds/share/biped_gazebo_worlds/package.bash'
[17.526s] INFO:colcon.colcon_core.shell:Creating package script '/home/ubuntu/ROS_BAP/WORKSPACES_PERSO/ros2_ws_stage/ws_robotBipede/install/biped_gazebo_worlds/share/biped_gazebo_worlds/package.zsh'
[17.528s] Level 1:colcon.colcon_core.environment:create_file_with_runtime_dependencies(/home/ubuntu/ROS_BAP/WORKSPACES_PERSO/ros2_ws_stage/ws_robotBipede/install/biped_gazebo_worlds/share/colcon-core/packages/biped_gazebo_worlds)
[17.620s] Level 1:colcon.colcon_core.environment:create_environment_scripts_only(biped_gazebo_worlds)
[17.621s] Level 1:colcon.colcon_core.environment:checking '/home/ubuntu/ROS_BAP/WORKSPACES_PERSO/ros2_ws_stage/ws_robotBipede/install/biped_gazebo_worlds' for CMake module files
[17.623s] Level 1:colcon.colcon_core.environment:checking '/home/ubuntu/ROS_BAP/WORKSPACES_PERSO/ros2_ws_stage/ws_robotBipede/install/biped_gazebo_worlds' for CMake config files
[17.624s] Level 1:colcon.colcon_core.shell:create_environment_hook('biped_gazebo_worlds', 'cmake_prefix_path')
[17.625s] INFO:colcon.colcon_core.shell:Creating environment hook '/home/ubuntu/ROS_BAP/WORKSPACES_PERSO/ros2_ws_stage/ws_robotBipede/install/biped_gazebo_worlds/share/biped_gazebo_worlds/hook/cmake_prefix_path.ps1'
[17.627s] INFO:colcon.colcon_core.shell:Creating environment descriptor '/home/ubuntu/ROS_BAP/WORKSPACES_PERSO/ros2_ws_stage/ws_robotBipede/install/biped_gazebo_worlds/share/biped_gazebo_worlds/hook/cmake_prefix_path.dsv'
[17.629s] INFO:colcon.colcon_core.shell:Creating environment hook '/home/ubuntu/ROS_BAP/WORKSPACES_PERSO/ros2_ws_stage/ws_robotBipede/install/biped_gazebo_worlds/share/biped_gazebo_worlds/hook/cmake_prefix_path.sh'
[17.631s] Level 1:colcon.colcon_core.environment:checking '/home/ubuntu/ROS_BAP/WORKSPACES_PERSO/ros2_ws_stage/ws_robotBipede/install/biped_gazebo_worlds/bin'
[17.631s] Level 1:colcon.colcon_core.environment:checking '/home/ubuntu/ROS_BAP/WORKSPACES_PERSO/ros2_ws_stage/ws_robotBipede/install/biped_gazebo_worlds/lib/pkgconfig/biped_gazebo_worlds.pc'
[17.632s] Level 1:colcon.colcon_core.environment:checking '/home/ubuntu/ROS_BAP/WORKSPACES_PERSO/ros2_ws_stage/ws_robotBipede/install/biped_gazebo_worlds/lib/python3.10/site-packages'
[17.633s] Level 1:colcon.colcon_core.environment:checking '/home/ubuntu/ROS_BAP/WORKSPACES_PERSO/ros2_ws_stage/ws_robotBipede/install/biped_gazebo_worlds/bin'
[17.634s] INFO:colcon.colcon_core.shell:Creating package script '/home/ubuntu/ROS_BAP/WORKSPACES_PERSO/ros2_ws_stage/ws_robotBipede/install/biped_gazebo_worlds/share/biped_gazebo_worlds/package.ps1'
[17.636s] INFO:colcon.colcon_core.shell:Creating package descriptor '/home/ubuntu/ROS_BAP/WORKSPACES_PERSO/ros2_ws_stage/ws_robotBipede/install/biped_gazebo_worlds/share/biped_gazebo_worlds/package.dsv'
[17.639s] INFO:colcon.colcon_core.shell:Creating package script '/home/ubuntu/ROS_BAP/WORKSPACES_PERSO/ros2_ws_stage/ws_robotBipede/install/biped_gazebo_worlds/share/biped_gazebo_worlds/package.sh'
[17.641s] INFO:colcon.colcon_core.shell:Creating package script '/home/ubuntu/ROS_BAP/WORKSPACES_PERSO/ros2_ws_stage/ws_robotBipede/install/biped_gazebo_worlds/share/biped_gazebo_worlds/package.bash'
[17.643s] INFO:colcon.colcon_core.shell:Creating package script '/home/ubuntu/ROS_BAP/WORKSPACES_PERSO/ros2_ws_stage/ws_robotBipede/install/biped_gazebo_worlds/share/biped_gazebo_worlds/package.zsh'
[17.645s] Level 1:colcon.colcon_core.environment:create_file_with_runtime_dependencies(/home/ubuntu/ROS_BAP/WORKSPACES_PERSO/ros2_ws_stage/ws_robotBipede/install/biped_gazebo_worlds/share/colcon-core/packages/biped_gazebo_worlds)
[17.647s] DEBUG:colcon.colcon_parallel_executor.executor.parallel:closing loop
[17.650s] DEBUG:colcon.colcon_parallel_executor.executor.parallel:loop closed
[17.650s] DEBUG:colcon.colcon_parallel_executor.executor.parallel:run_until_complete finished with '0'
[17.651s] DEBUG:colcon.colcon_core.event_reactor:joining thread
[17.723s] INFO:colcon.colcon_core.plugin_system:Skipping extension 'colcon_notification.desktop_notification.terminal_notifier': Not used on non-Darwin systems
[17.724s] INFO:colcon.colcon_core.plugin_system:Skipping extension 'colcon_notification.desktop_notification.win32': Not used on non-Windows systems
[17.724s] INFO:colcon.colcon_notification.desktop_notification:Sending desktop notification using 'notify2'
[17.809s] DEBUG:colcon.colcon_core.event_reactor:joined thread
[17.811s] INFO:colcon.colcon_core.shell:Creating prefix script '/home/ubuntu/ROS_BAP/WORKSPACES_PERSO/ros2_ws_stage/ws_robotBipede/install/local_setup.ps1'
[17.815s] INFO:colcon.colcon_core.shell:Creating prefix util module '/home/ubuntu/ROS_BAP/WORKSPACES_PERSO/ros2_ws_stage/ws_robotBipede/install/_local_setup_util_ps1.py'
[17.820s] INFO:colcon.colcon_core.shell:Creating prefix chain script '/home/ubuntu/ROS_BAP/WORKSPACES_PERSO/ros2_ws_stage/ws_robotBipede/install/setup.ps1'
[17.826s] INFO:colcon.colcon_core.shell:Creating prefix script '/home/ubuntu/ROS_BAP/WORKSPACES_PERSO/ros2_ws_stage/ws_robotBipede/install/local_setup.sh'
[17.829s] INFO:colcon.colcon_core.shell:Creating prefix util module '/home/ubuntu/ROS_BAP/WORKSPACES_PERSO/ros2_ws_stage/ws_robotBipede/install/_local_setup_util_sh.py'
[17.830s] INFO:colcon.colcon_core.shell:Creating prefix chain script '/home/ubuntu/ROS_BAP/WORKSPACES_PERSO/ros2_ws_stage/ws_robotBipede/install/setup.sh'
[17.836s] INFO:colcon.colcon_core.shell:Creating prefix script '/home/ubuntu/ROS_BAP/WORKSPACES_PERSO/ros2_ws_stage/ws_robotBipede/install/local_setup.bash'
[17.838s] INFO:colcon.colcon_core.shell:Creating prefix chain script '/home/ubuntu/ROS_BAP/WORKSPACES_PERSO/ros2_ws_stage/ws_robotBipede/install/setup.bash'
[17.844s] INFO:colcon.colcon_core.shell:Creating prefix script '/home/ubuntu/ROS_BAP/WORKSPACES_PERSO/ros2_ws_stage/ws_robotBipede/install/local_setup.zsh'
[17.848s] INFO:colcon.colcon_core.shell:Creating prefix chain script '/home/ubuntu/ROS_BAP/WORKSPACES_PERSO/ros2_ws_stage/ws_robotBipede/install/setup.zsh'
