[0.136s] Invoking command in '/home/ubuntu/ROS_BAP/WORKSPACES_PERSO/ros2_ws_stage/ws_robotBipede/build/biped_gazebo_worlds': CMAKE_PREFIX_PATH=/opt/ros/humble /usr/bin/cmake --build /home/ubuntu/ROS_BAP/WORKSPACES_PERSO/ros2_ws_stage/ws_robotBipede/build/biped_gazebo_worlds -- -j2 -l2
[2.396s] Invoked command in '/home/ubuntu/ROS_BAP/WORKSPACES_PERSO/ros2_ws_stage/ws_robotBipede/build/biped_gazebo_worlds' returned '0': CMAKE_PREFIX_PATH=/opt/ros/humble /usr/bin/cmake --build /home/ubuntu/ROS_BAP/WORKSPACES_PERSO/ros2_ws_stage/ws_robotBipede/build/biped_gazebo_worlds -- -j2 -l2
[2.528s] Invoking command in '/home/ubuntu/ROS_BAP/WORKSPACES_PERSO/ros2_ws_stage/ws_robotBipede/build/biped_gazebo_worlds': CMAKE_PREFIX_PATH=/opt/ros/humble /usr/bin/cmake --install /home/ubuntu/ROS_BAP/WORKSPACES_PERSO/ros2_ws_stage/ws_robotBipede/build/biped_gazebo_worlds
[2.564s] -- Install configuration: ""
[2.612s] -- Execute custom install script
[2.651s] -- Up-to-date symlink: /home/ubuntu/ROS_BAP/WORKSPACES_PERSO/ros2_ws_stage/ws_robotBipede/install/biped_gazebo_worlds/share/biped_gazebo_worlds//launch/empty_underwater_world.launch.py
[2.653s] -- Up-to-date symlink: /home/ubuntu/ROS_BAP/WORKSPACES_PERSO/ros2_ws_stage/ws_robotBipede/install/biped_gazebo_worlds/share/biped_gazebo_worlds//launch/empty_world.launch.py
[2.671s] -- Up-to-date symlink: /home/ubuntu/ROS_BAP/WORKSPACES_PERSO/ros2_ws_stage/ws_robotBipede/install/biped_gazebo_worlds/share/biped_gazebo_worlds//worlds/empty_underwater.world
[2.673s] -- Up-to-date symlink: /home/ubuntu/ROS_BAP/WORKSPACES_PERSO/ros2_ws_stage/ws_robotBipede/install/biped_gazebo_worlds/share/biped_gazebo_worlds//worlds/empty_world.world
[2.674s] -- Up-to-date symlink: /home/ubuntu/ROS_BAP/WORKSPACES_PERSO/ros2_ws_stage/ws_robotBipede/install/biped_gazebo_worlds/share/biped_gazebo_worlds//worlds/lake.world
[2.677s] -- Up-to-date symlink: /home/ubuntu/ROS_BAP/WORKSPACES_PERSO/ros2_ws_stage/ws_robotBipede/install/biped_gazebo_worlds/share/biped_gazebo_worlds//worlds/materials/flat_normal.png
[2.679s] -- Up-to-date symlink: /home/ubuntu/ROS_BAP/WORKSPACES_PERSO/ros2_ws_stage/ws_robotBipede/install/biped_gazebo_worlds/share/biped_gazebo_worlds//worlds/materials/mesh_L100m_N256.dae
[2.680s] -- Up-to-date symlink: /home/ubuntu/ROS_BAP/WORKSPACES_PERSO/ros2_ws_stage/ws_robotBipede/install/biped_gazebo_worlds/share/biped_gazebo_worlds//worlds/materials/mesh_L100m_N256_below.dae
[2.682s] -- Up-to-date symlink: /home/ubuntu/ROS_BAP/WORKSPACES_PERSO/ros2_ws_stage/ws_robotBipede/install/biped_gazebo_worlds/share/biped_gazebo_worlds//worlds/materials/mesh_L256m_N256.dae
[2.685s] -- Up-to-date symlink: /home/ubuntu/ROS_BAP/WORKSPACES_PERSO/ros2_ws_stage/ws_robotBipede/install/biped_gazebo_worlds/share/biped_gazebo_worlds//worlds/materials/mesh_L256m_N256_below.dae
[2.687s] -- Up-to-date symlink: /home/ubuntu/ROS_BAP/WORKSPACES_PERSO/ros2_ws_stage/ws_robotBipede/install/biped_gazebo_worlds/share/biped_gazebo_worlds//worlds/materials/skybox_lowres.dds
[2.688s] -- Up-to-date symlink: /home/ubuntu/ROS_BAP/WORKSPACES_PERSO/ros2_ws_stage/ws_robotBipede/install/biped_gazebo_worlds/share/biped_gazebo_worlds//worlds/materials/skybox_test.dds
[2.690s] -- Up-to-date symlink: /home/ubuntu/ROS_BAP/WORKSPACES_PERSO/ros2_ws_stage/ws_robotBipede/install/biped_gazebo_worlds/share/biped_gazebo_worlds//worlds/materials/wave_normals.dds
[2.692s] -- Up-to-date symlink: /home/ubuntu/ROS_BAP/WORKSPACES_PERSO/ros2_ws_stage/ws_robotBipede/install/biped_gazebo_worlds/share/biped_gazebo_worlds//worlds/materials/waves_fs.glsl
[2.693s] -- Up-to-date symlink: /home/ubuntu/ROS_BAP/WORKSPACES_PERSO/ros2_ws_stage/ws_robotBipede/install/biped_gazebo_worlds/share/biped_gazebo_worlds//worlds/materials/waves_fs.metal
[2.695s] -- Up-to-date symlink: /home/ubuntu/ROS_BAP/WORKSPACES_PERSO/ros2_ws_stage/ws_robotBipede/install/biped_gazebo_worlds/share/biped_gazebo_worlds//worlds/materials/waves_vs.glsl
[2.696s] -- Up-to-date symlink: /home/ubuntu/ROS_BAP/WORKSPACES_PERSO/ros2_ws_stage/ws_robotBipede/install/biped_gazebo_worlds/share/biped_gazebo_worlds//worlds/materials/waves_vs.metal
[2.698s] -- Up-to-date symlink: /home/ubuntu/ROS_BAP/WORKSPACES_PERSO/ros2_ws_stage/ws_robotBipede/install/biped_gazebo_worlds/share/biped_gazebo_worlds//worlds/model.config
[2.699s] -- Up-to-date symlink: /home/ubuntu/ROS_BAP/WORKSPACES_PERSO/ros2_ws_stage/ws_robotBipede/install/biped_gazebo_worlds/share/biped_gazebo_worlds//worlds/model.sdf
[2.726s] -- Up-to-date symlink: /home/ubuntu/ROS_BAP/WORKSPACES_PERSO/ros2_ws_stage/ws_robotBipede/install/biped_gazebo_worlds/share/biped_gazebo_worlds//models/ocean_waves/materials/flat_normal.png
[2.729s] -- Up-to-date symlink: /home/ubuntu/ROS_BAP/WORKSPACES_PERSO/ros2_ws_stage/ws_robotBipede/install/biped_gazebo_worlds/share/biped_gazebo_worlds//models/ocean_waves/materials/mesh_L100m_N256.dae
[2.731s] -- Up-to-date symlink: /home/ubuntu/ROS_BAP/WORKSPACES_PERSO/ros2_ws_stage/ws_robotBipede/install/biped_gazebo_worlds/share/biped_gazebo_worlds//models/ocean_waves/materials/mesh_L100m_N256_below.dae
[2.732s] -- Up-to-date symlink: /home/ubuntu/ROS_BAP/WORKSPACES_PERSO/ros2_ws_stage/ws_robotBipede/install/biped_gazebo_worlds/share/biped_gazebo_worlds//models/ocean_waves/materials/mesh_L256m_N256.dae
[2.734s] -- Up-to-date symlink: /home/ubuntu/ROS_BAP/WORKSPACES_PERSO/ros2_ws_stage/ws_robotBipede/install/biped_gazebo_worlds/share/biped_gazebo_worlds//models/ocean_waves/materials/mesh_L256m_N256_below.dae
[2.735s] -- Up-to-date symlink: /home/ubuntu/ROS_BAP/WORKSPACES_PERSO/ros2_ws_stage/ws_robotBipede/install/biped_gazebo_worlds/share/biped_gazebo_worlds//models/ocean_waves/materials/skybox_lowres.dds
[2.737s] -- Up-to-date symlink: /home/ubuntu/ROS_BAP/WORKSPACES_PERSO/ros2_ws_stage/ws_robotBipede/install/biped_gazebo_worlds/share/biped_gazebo_worlds//models/ocean_waves/materials/skybox_test.dds
[2.748s] -- Up-to-date symlink: /home/ubuntu/ROS_BAP/WORKSPACES_PERSO/ros2_ws_stage/ws_robotBipede/install/biped_gazebo_worlds/share/biped_gazebo_worlds//models/ocean_waves/materials/wave_normals.dds
[2.756s] -- Up-to-date symlink: /home/ubuntu/ROS_BAP/WORKSPACES_PERSO/ros2_ws_stage/ws_robotBipede/install/biped_gazebo_worlds/share/biped_gazebo_worlds//models/ocean_waves/materials/waves_fs.glsl
[2.762s] -- Up-to-date symlink: /home/ubuntu/ROS_BAP/WORKSPACES_PERSO/ros2_ws_stage/ws_robotBipede/install/biped_gazebo_worlds/share/biped_gazebo_worlds//models/ocean_waves/materials/waves_fs.metal
[2.764s] -- Up-to-date symlink: /home/ubuntu/ROS_BAP/WORKSPACES_PERSO/ros2_ws_stage/ws_robotBipede/install/biped_gazebo_worlds/share/biped_gazebo_worlds//models/ocean_waves/materials/waves_vs.glsl
[2.765s] -- Up-to-date symlink: /home/ubuntu/ROS_BAP/WORKSPACES_PERSO/ros2_ws_stage/ws_robotBipede/install/biped_gazebo_worlds/share/biped_gazebo_worlds//models/ocean_waves/materials/waves_vs.metal
[2.766s] -- Up-to-date symlink: /home/ubuntu/ROS_BAP/WORKSPACES_PERSO/ros2_ws_stage/ws_robotBipede/install/biped_gazebo_worlds/share/biped_gazebo_worlds//models/ocean_waves/model.config
[2.767s] -- Up-to-date symlink: /home/ubuntu/ROS_BAP/WORKSPACES_PERSO/ros2_ws_stage/ws_robotBipede/install/biped_gazebo_worlds/share/biped_gazebo_worlds//models/ocean_waves/model.sdf
[2.775s] -- Up-to-date symlink: /home/ubuntu/ROS_BAP/WORKSPACES_PERSO/ros2_ws_stage/ws_robotBipede/install/biped_gazebo_worlds/share/ament_index/resource_index/package_run_dependencies/biped_gazebo_worlds
[2.777s] -- Up-to-date symlink: /home/ubuntu/ROS_BAP/WORKSPACES_PERSO/ros2_ws_stage/ws_robotBipede/install/biped_gazebo_worlds/share/ament_index/resource_index/parent_prefix_path/biped_gazebo_worlds
[2.783s] -- Up-to-date symlink: /home/ubuntu/ROS_BAP/WORKSPACES_PERSO/ros2_ws_stage/ws_robotBipede/install/biped_gazebo_worlds/share/biped_gazebo_worlds/environment/ament_prefix_path.sh
[2.792s] -- Up-to-date symlink: /home/ubuntu/ROS_BAP/WORKSPACES_PERSO/ros2_ws_stage/ws_robotBipede/install/biped_gazebo_worlds/share/biped_gazebo_worlds/environment/ament_prefix_path.dsv
[2.793s] -- Up-to-date symlink: /home/ubuntu/ROS_BAP/WORKSPACES_PERSO/ros2_ws_stage/ws_robotBipede/install/biped_gazebo_worlds/share/biped_gazebo_worlds/environment/path.sh
[2.796s] -- Up-to-date symlink: /home/ubuntu/ROS_BAP/WORKSPACES_PERSO/ros2_ws_stage/ws_robotBipede/install/biped_gazebo_worlds/share/biped_gazebo_worlds/environment/path.dsv
[2.797s] -- Up-to-date symlink: /home/ubuntu/ROS_BAP/WORKSPACES_PERSO/ros2_ws_stage/ws_robotBipede/install/biped_gazebo_worlds/share/biped_gazebo_worlds/local_setup.bash
[2.799s] -- Up-to-date symlink: /home/ubuntu/ROS_BAP/WORKSPACES_PERSO/ros2_ws_stage/ws_robotBipede/install/biped_gazebo_worlds/share/biped_gazebo_worlds/local_setup.sh
[2.800s] -- Up-to-date symlink: /home/ubuntu/ROS_BAP/WORKSPACES_PERSO/ros2_ws_stage/ws_robotBipede/install/biped_gazebo_worlds/share/biped_gazebo_worlds/local_setup.zsh
[2.803s] -- Up-to-date symlink: /home/ubuntu/ROS_BAP/WORKSPACES_PERSO/ros2_ws_stage/ws_robotBipede/install/biped_gazebo_worlds/share/biped_gazebo_worlds/local_setup.dsv
[2.804s] -- Symlinking: /home/ubuntu/ROS_BAP/WORKSPACES_PERSO/ros2_ws_stage/ws_robotBipede/install/biped_gazebo_worlds/share/biped_gazebo_worlds/package.dsv
[2.835s] -- Up-to-date symlink: /home/ubuntu/ROS_BAP/WORKSPACES_PERSO/ros2_ws_stage/ws_robotBipede/install/biped_gazebo_worlds/share/ament_index/resource_index/packages/biped_gazebo_worlds
[2.837s] -- Up-to-date symlink: /home/ubuntu/ROS_BAP/WORKSPACES_PERSO/ros2_ws_stage/ws_robotBipede/install/biped_gazebo_worlds/share/biped_gazebo_worlds/cmake/biped_gazebo_worldsConfig.cmake
[2.838s] -- Up-to-date symlink: /home/ubuntu/ROS_BAP/WORKSPACES_PERSO/ros2_ws_stage/ws_robotBipede/install/biped_gazebo_worlds/share/biped_gazebo_worlds/cmake/biped_gazebo_worldsConfig-version.cmake
[2.840s] -- Up-to-date symlink: /home/ubuntu/ROS_BAP/WORKSPACES_PERSO/ros2_ws_stage/ws_robotBipede/install/biped_gazebo_worlds/share/biped_gazebo_worlds/package.xml
[2.849s] Invoked command in '/home/ubuntu/ROS_BAP/WORKSPACES_PERSO/ros2_ws_stage/ws_robotBipede/build/biped_gazebo_worlds' returned '0': CMAKE_PREFIX_PATH=/opt/ros/humble /usr/bin/cmake --install /home/ubuntu/ROS_BAP/WORKSPACES_PERSO/ros2_ws_stage/ws_robotBipede/build/biped_gazebo_worlds
